\BOOKMARK [0][]{chapter*.3}{\376\377\000\315\000n\000d\000i\000c\000e\000\040\000d\000e\000\040\000f\000i\000g\000u\000r\000a\000s}{}% 1
\BOOKMARK [0][]{chapter*.4}{\376\377\000\315\000n\000d\000i\000c\000e\000\040\000d\000e\000\040\000t\000a\000b\000l\000a\000s}{}% 2
\BOOKMARK [0][]{chapter.1}{\376\377\0001\000\040\000P\000l\000a\000n\000t\000e\000a\000m\000i\000e\000n\000t\000o\000\040\000d\000e\000l\000\040\000p\000r\000o\000b\000l\000e\000m\000a}{}% 3
\BOOKMARK [1][]{section.1.1}{\376\377\0001\000.\0001\000\040\000D\000e\000f\000i\000n\000i\000c\000i\000\363\000n\000\040\000d\000e\000l\000\040\000p\000r\000o\000b\000l\000e\000m\000a}{chapter.1}% 4
\BOOKMARK [1][]{section.1.2}{\376\377\0001\000.\0002\000\040\000J\000u\000s\000t\000i\000f\000i\000c\000a\000c\000i\000\363\000n}{chapter.1}% 5
\BOOKMARK [1][]{section.1.3}{\376\377\0001\000.\0003\000\040\000P\000r\000o\000p\000u\000e\000s\000t\000a\000\040\000d\000e\000\040\000s\000o\000l\000u\000c\000i\000\363\000n}{chapter.1}% 6
\BOOKMARK [2][]{subsection.1.3.1}{\376\377\0001\000.\0003\000.\0001\000\040\000M\000e\000s\000a\000\040\000d\000e\000\040\000S\000e\000r\000v\000i\000c\000i\000o}{section.1.3}% 7
\BOOKMARK [2][]{subsection.1.3.2}{\376\377\0001\000.\0003\000.\0002\000\040\000I\000n\000t\000e\000g\000r\000a\000c\000i\000\363\000n\000\040\000d\000e\000\040\000m\000e\000s\000a\000\040\000a\000\040\000l\000a\000\040\000p\000l\000a\000t\000a\000f\000o\000r\000m\000a\000\040\000c\000o\000m\000o\000\040\000s\000e\000r\000v\000i\000c\000i\000o\000\040\000\050\000P\000a\000a\000S\000\051}{section.1.3}% 8
\BOOKMARK [2][]{subsection.1.3.3}{\376\377\0001\000.\0003\000.\0003\000\040\000I\000n\000t\000e\000g\000r\000a\000c\000i\000\363\000n\000\040\000c\000o\000n\000\040\000E\000R\000P}{section.1.3}% 9
\BOOKMARK [1][]{section.1.4}{\376\377\0001\000.\0004\000\040\000A\000l\000c\000a\000n\000c\000e\000s}{chapter.1}% 10
\BOOKMARK [1][]{section.1.5}{\376\377\0001\000.\0005\000\040\000O\000b\000j\000e\000t\000i\000v\000o\000\040\000G\000e\000n\000e\000r\000a\000l}{chapter.1}% 11
\BOOKMARK [1][]{section.1.6}{\376\377\0001\000.\0006\000\040\000O\000b\000j\000e\000t\000i\000v\000o\000s\000\040\000e\000s\000p\000e\000c\000\355\000f\000i\000c\000o\000s}{chapter.1}% 12
\BOOKMARK [0][]{chapter.2}{\376\377\0002\000\040\000E\000s\000t\000a\000d\000o\000\040\000d\000e\000l\000\040\000a\000r\000t\000e}{}% 13
\BOOKMARK [1][]{section.2.1}{\376\377\0002\000.\0001\000\040\000S\000o\000f\000t\000w\000a\000r\000e\000\040\000d\000e\000\040\000M\000e\000s\000a\000s\000\040\000d\000e\000\040\000S\000e\000r\000v\000i\000c\000i\000o\000s\000\040\000e\000n\000\040\000e\000l\000\040\000m\000e\000r\000c\000a\000d\000o}{chapter.2}% 14
\BOOKMARK [2][]{subsection.2.1.1}{\376\377\0002\000.\0001\000.\0001\000\040\000B\000M\000C\000\040\000H\000e\000l\000i\000x\000\040\000I\000T\000S\000M}{section.2.1}% 15
\BOOKMARK [2][]{subsection.2.1.2}{\376\377\0002\000.\0001\000.\0002\000\040\000R\000e\000m\000e\000d\000y\000\040\000S\000e\000r\000v\000i\000c\000e\000\040\000D\000e\000s\000k\000\040\000d\000e\000\040\000B\000M\000C}{section.2.1}% 16
\BOOKMARK [2][]{subsection.2.1.3}{\376\377\0002\000.\0001\000.\0003\000\040\000A\000r\000a\000n\000d\000a\000\040\000A\000S\000D\000K}{section.2.1}% 17
\BOOKMARK [1][]{section.2.2}{\376\377\0002\000.\0002\000\040\000T\000e\000s\000i\000s\000\040\000y\000\040\000t\000r\000a\000b\000a\000j\000o\000s\000\040\000d\000e\000\040\000i\000n\000v\000e\000s\000t\000i\000g\000a\000c\000i\000\363\000n\000\040\000r\000e\000l\000a\000c\000i\000o\000n\000a\000d\000o\000s}{chapter.2}% 18
\BOOKMARK [0][]{chapter.3}{\376\377\0003\000\040\000M\000a\000r\000c\000o\000\040\000T\000e\000\363\000r\000i\000c\000o}{}% 19
\BOOKMARK [1][]{section.3.1}{\376\377\0003\000.\0001\000\040\000\277\000Q\000u\000\351\000\040\000e\000s\000\040\000u\000n\000a\000\040\000m\000e\000s\000a\000\040\000d\000e\000\040\000S\000e\000r\000v\000i\000c\000i\000o\000?}{chapter.3}% 20
\BOOKMARK [2][]{subsection.3.1.1}{\376\377\0003\000.\0001\000.\0001\000\040\000C\000a\000r\000a\000c\000t\000e\000r\000\355\000s\000t\000i\000c\000a\000s\000\040\000d\000e\000\040\000l\000a\000\040\000m\000e\000s\000a\000\040\000d\000e\000\040\000s\000e\000r\000v\000i\000c\000i\000o}{section.3.1}% 21
\BOOKMARK [1][]{section.3.2}{\376\377\0003\000.\0002\000\040\000P\000l\000a\000t\000a\000f\000o\000r\000m\000a\000\040\000c\000o\000m\000o\000\040\000S\000e\000r\000v\000i\000c\000i\000o\000\040\000\050\000P\000a\000a\000S\000\051}{chapter.3}% 22
\BOOKMARK [2][]{subsection.3.2.1}{\376\377\0003\000.\0002\000.\0001\000\040\000V\000e\000n\000t\000a\000j\000a\000s\000\040\000d\000e\000\040\000P\000a\000a\000S\000\040}{section.3.2}% 23
\BOOKMARK [1][]{section.3.3}{\376\377\0003\000.\0003\000\040\000S\000e\000r\000v\000i\000c\000i\000o\000s\000\040\000W\000e\000b}{chapter.3}% 24
\BOOKMARK [1][]{section.3.4}{\376\377\0003\000.\0004\000\040\000\040\000I\000T\000I\000L\000\040}{chapter.3}% 25
\BOOKMARK [2][]{subsection.3.4.1}{\376\377\0003\000.\0004\000.\0001\000\040\000E\000v\000o\000l\000u\000c\000i\000\363\000n\000\040\000d\000e\000\040\000I\000T\000I\000L\000.}{section.3.4}% 26
\BOOKMARK [2][]{subsection.3.4.2}{\376\377\0003\000.\0004\000.\0002\000\040\000\277\000Q\000u\000\351\000\040\000e\000s\000\040\000u\000n\000\040\000S\000e\000r\000v\000i\000c\000i\000o\000?}{section.3.4}% 27
\BOOKMARK [2][]{subsection.3.4.3}{\376\377\0003\000.\0004\000.\0003\000\040\000\277\000Q\000u\000\351\000\040\000e\000s\000\040\000l\000a\000\040\000u\000t\000i\000l\000i\000d\000a\000d\000?}{section.3.4}% 28
\BOOKMARK [2][]{subsection.3.4.4}{\376\377\0003\000.\0004\000.\0004\000\040\000\277\000Q\000u\000e\000\040\000s\000o\000n\000\040\000l\000a\000s\000\040\000g\000a\000r\000a\000n\000t\000\355\000a\000s\000?}{section.3.4}% 29
\BOOKMARK [1][]{section.3.5}{\376\377\0003\000.\0005\000\040\000C\000i\000c\000l\000o\000\040\000d\000e\000\040\000v\000i\000d\000a\000\040\000d\000e\000l\000\040\000s\000e\000r\000v\000i\000c\000i\000o\000\040\000I\000T\000I\000L}{chapter.3}% 30
\BOOKMARK [2][]{subsection.3.5.1}{\376\377\0003\000.\0005\000.\0001\000\040\000E\000s\000t\000r\000a\000t\000e\000g\000i\000a\000\040\000d\000e\000l\000\040\000S\000e\000r\000v\000i\000c\000i\000o\000\040\000\050\000S\000e\000r\000v\000i\000c\000e\000\040\000S\000t\000r\000a\000t\000e\000g\000y\000\051}{section.3.5}% 31
\BOOKMARK [2][]{subsection.3.5.2}{\376\377\0003\000.\0005\000.\0002\000\040\000D\000i\000s\000e\000\361\000o\000\040\000d\000e\000\040\000S\000e\000r\000v\000i\000c\000i\000o\000\040\000\050\000S\000e\000r\000v\000i\000c\000e\000\040\000D\000e\000s\000i\000g\000n\000,\000\040\000S\000D\000\051}{section.3.5}% 32
\BOOKMARK [2][]{subsection.3.5.3}{\376\377\0003\000.\0005\000.\0003\000\040\000T\000r\000a\000n\000s\000i\000c\000i\000\363\000n\000\040\000d\000e\000l\000\040\000S\000e\000r\000v\000i\000c\000i\000o\000\040\000\050\000S\000e\000r\000v\000i\000c\000e\000\040\000T\000r\000a\000n\000s\000i\000t\000i\000o\000n\000,\000\040\000S\000T\000\051}{section.3.5}% 33
\BOOKMARK [2][]{subsection.3.5.4}{\376\377\0003\000.\0005\000.\0004\000\040\000O\000p\000e\000r\000a\000c\000i\000\363\000n\000\040\000d\000e\000\040\000S\000e\000r\000v\000i\000c\000i\000o\000\040\000\050\000S\000e\000r\000v\000i\000c\000e\000\040\000O\000p\000e\000r\000a\000t\000i\000o\000n\000,\000\040\000S\000O\000\051\000.}{section.3.5}% 34
\BOOKMARK [2][]{subsection.3.5.5}{\376\377\0003\000.\0005\000.\0005\000\040\000M\000e\000j\000o\000r\000a\000\040\000C\000o\000n\000t\000i\000n\000u\000a\000\040\000d\000e\000l\000\040\000S\000e\000r\000v\000i\000c\000i\000o\000\040\000\050\000C\000o\000n\000t\000i\000n\000u\000o\000u\000s\000\040\000S\000e\000r\000v\000i\000c\000e\000\040\000I\000m\000p\000r\000o\000v\000e\000m\000e\000n\000t\000,\000\040\000C\000S\000I\000\051\000.}{section.3.5}% 35
\BOOKMARK [0][]{chapter.4}{\376\377\0004\000\040\000A\000n\000\341\000l\000i\000s\000i\000s\000\040\000y\000\040\000D\000i\000s\000e\000\361\000o}{}% 36
\BOOKMARK [1][]{section.4.1}{\376\377\0004\000.\0001\000\040\000R\000e\000q\000u\000e\000r\000i\000m\000i\000e\000n\000t\000o\000s\000\040\000d\000e\000l\000\040\000s\000i\000s\000t\000e\000m\000a}{chapter.4}% 37
\BOOKMARK [2][]{subsection.4.1.1}{\376\377\0004\000.\0001\000.\0001\000\040\000R\000e\000q\000u\000e\000r\000i\000m\000i\000e\000n\000t\000o\000s\000\040\000n\000o\000\040\000f\000u\000n\000c\000i\000o\000n\000a\000l\000e\000s\000\040}{section.4.1}% 38
\BOOKMARK [3][]{subsubsection.4.1.1.1}{\376\377\0004\000.\0001\000.\0001\000.\0001\000\040\000P\000o\000r\000t\000a\000f\000o\000l\000i\000o\000\040\000d\000e\000\040\000s\000e\000r\000v\000i\000c\000i\000o}{subsection.4.1.1}% 39
\BOOKMARK [3][]{subsubsection.4.1.1.2}{\376\377\0004\000.\0001\000.\0001\000.\0002\000\040\000C\000a\000t\000e\000g\000o\000r\000i\000z\000a\000c\000i\000\363\000n\000\040\000d\000e\000\040\000s\000e\000r\000v\000i\000c\000i\000o\000s}{subsection.4.1.1}% 40
\BOOKMARK [3][]{subsubsection.4.1.1.3}{\376\377\0004\000.\0001\000.\0001\000.\0003\000\040\000M\000a\000t\000r\000i\000z\000\040\000d\000e\000\040\000u\000r\000g\000e\000n\000c\000i\000a\000\040\000e\000\040\000i\000m\000p\000a\000c\000t\000o}{subsection.4.1.1}% 41
\BOOKMARK [3][]{subsubsection.4.1.1.4}{\376\377\0004\000.\0001\000.\0001\000.\0004\000\040\000N\000i\000v\000e\000l\000\040\000d\000e\000\040\000s\000e\000r\000v\000i\000c\000i\000o}{subsection.4.1.1}% 42
\BOOKMARK [3][]{subsubsection.4.1.1.5}{\376\377\0004\000.\0001\000.\0001\000.\0005\000\040\000R\000o\000l\000e\000s\000\040\000y\000\040\000p\000u\000e\000s\000t\000o\000\040\000d\000e\000\040\000m\000e\000s\000a\000\040\000d\000e\000\040\000s\000e\000r\000v\000i\000c\000i\000o}{subsection.4.1.1}% 43
\BOOKMARK [1][]{section.4.2}{\376\377\0004\000.\0002\000\040\000R\000e\000q\000u\000e\000r\000i\000m\000i\000e\000n\000t\000o\000s\000\040\000f\000u\000n\000c\000i\000o\000n\000a\000l\000e\000s}{chapter.4}% 44
\BOOKMARK [0][]{chapter.5}{\376\377\0005\000\040\000C\000o\000n\000c\000l\000u\000s\000i\000o\000n\000e\000s}{}% 45
\BOOKMARK [0][]{appendix*.19}{\376\377\000B\000i\000b\000l\000i\000o\000g\000r\000a\000f\000\355\000a}{}% 46
