This is pdfTeX, Version 3.141592653-2.6-1.40.23 (MiKTeX 21.8) (preloaded format=pdflatex 2021.10.8)  16 JAN 2024 07:07
entering extended mode
**./tesis.tex
(tesis.tex
LaTeX2e <2021-06-01> patch level 1
L3 programming layer <2021-08-27> (Latex/Classes/PhDthesisPSnPDF.cls
Document Class: Latex/Classes/PhDthesisPSnPDF 2007/09/06 v2 PhD thesis class
(C:\Program Files\MiKTeX\tex/latex/base\book.cls
Document Class: book 2021/02/12 v1.4n Standard LaTeX document class
(C:\Program Files\MiKTeX\tex/latex/base\bk11.clo
File: bk11.clo 2021/02/12 v1.4n Standard LaTeX file (size option)
)
\c@part=\count182
\c@chapter=\count183
\c@section=\count184
\c@subsection=\count185
\c@subsubsection=\count186
\c@paragraph=\count187
\c@subparagraph=\count188
\c@figure=\count189
\c@table=\count190
\abovecaptionskip=\skip47
\belowcaptionskip=\skip48
\bibindent=\dimen138
)
(C:\Program Files\MiKTeX\tex/latex/amsfonts\amssymb.sty
Package: amssymb 2013/01/14 v3.01 AMS font symbols

(C:\Program Files\MiKTeX\tex/latex/amsfonts\amsfonts.sty
Package: amsfonts 2013/01/14 v3.01 Basic AMSFonts support
\@emptytoks=\toks16
\symAMSa=\mathgroup4
\symAMSb=\mathgroup5
LaTeX Font Info:    Redeclaring math symbol \hbar on input line 98.
LaTeX Font Info:    Overwriting math alphabet `\mathfrak' in version `bold'
(Font)                  U/euf/m/n --> U/euf/b/n on input line 106.
))
(C:\Program Files\MiKTeX\tex/latex/amsmath\amsmath.sty
Package: amsmath 2021/04/20 v2.17j AMS math features
\@mathmargin=\skip49

For additional information on amsmath, use the `?' option.
(C:\Program Files\MiKTeX\tex/latex/amsmath\amstext.sty
Package: amstext 2000/06/29 v2.01 AMS text

(C:\Program Files\MiKTeX\tex/latex/amsmath\amsgen.sty
File: amsgen.sty 1999/11/30 v2.0 generic functions
\@emptytoks=\toks17
\ex@=\dimen139
))
(C:\Program Files\MiKTeX\tex/latex/amsmath\amsbsy.sty
Package: amsbsy 1999/11/29 v1.2d Bold Symbols
\pmbraise@=\dimen140
)
(C:\Program Files\MiKTeX\tex/latex/amsmath\amsopn.sty
Package: amsopn 2016/03/08 v2.02 operator names
)
\inf@bad=\count191
LaTeX Info: Redefining \frac on input line 234.
\uproot@=\count192
\leftroot@=\count193
LaTeX Info: Redefining \overline on input line 399.
\classnum@=\count194
\DOTSCASE@=\count195
LaTeX Info: Redefining \ldots on input line 496.
LaTeX Info: Redefining \dots on input line 499.
LaTeX Info: Redefining \cdots on input line 620.
\Mathstrutbox@=\box50
\strutbox@=\box51
\big@size=\dimen141
LaTeX Font Info:    Redeclaring font encoding OML on input line 743.
LaTeX Font Info:    Redeclaring font encoding OMS on input line 744.
\macc@depth=\count196
\c@MaxMatrixCols=\count197
\dotsspace@=\muskip16
\c@parentequation=\count198
\dspbrk@lvl=\count199
\tag@help=\toks18
\row@=\count266
\column@=\count267
\maxfields@=\count268
\andhelp@=\toks19
\eqnshift@=\dimen142
\alignsep@=\dimen143
\tagshift@=\dimen144
\tagwidth@=\dimen145
\totwidth@=\dimen146
\lineht@=\dimen147
\@envbody=\toks20
\multlinegap=\skip50
\multlinetaggap=\skip51
\mathdisplay@stack=\toks21
LaTeX Info: Redefining \[ on input line 2923.
LaTeX Info: Redefining \] on input line 2924.
)
(C:\Program Files\MiKTeX\tex/latex/base\inputenc.sty
Package: inputenc 2021/02/14 v1.3d Input encoding file
\inpenc@prehook=\toks22
\inpenc@posthook=\toks23
)
(C:\Program Files\MiKTeX\tex/latex/listings\listings.sty
(C:\Program Files\MiKTeX\tex/latex/graphics\keyval.sty
Package: keyval 2014/10/28 v1.15 key=value parser (DPC)
\KV@toks@=\toks24
)
\lst@mode=\count269
\lst@gtempboxa=\box52
\lst@token=\toks25
\lst@length=\count270
\lst@currlwidth=\dimen148
\lst@column=\count271
\lst@pos=\count272
\lst@lostspace=\dimen149
\lst@width=\dimen150
\lst@newlines=\count273
\lst@lineno=\count274
\lst@maxwidth=\dimen151

(C:\Program Files\MiKTeX\tex/latex/listings\lstmisc.sty
File: lstmisc.sty 2020/03/24 1.8d (Carsten Heinz)
\c@lstnumber=\count275
\lst@skipnumbers=\count276
\lst@framebox=\box53
)
(C:\Program Files\MiKTeX\tex/latex/listings\listings.cfg
File: listings.cfg 2020/03/24 1.8d listings configuration
))
Package: listings 2020/03/24 1.8d (Carsten Heinz)

(C:\Program Files\MiKTeX\tex/latex/emptypage\emptypage.sty
Package: emptypage 2010/05/30 v1.2 Suppress page numbers and headings on empty 
pages
)
(C:\Program Files\MiKTeX\tex/latex/caption\caption.sty
Package: caption 2020/10/26 v3.5g Customizing captions (AR)

(C:\Program Files\MiKTeX\tex/latex/caption\caption3.sty
Package: caption3 2020/10/21 v2.2e caption3 kernel (AR)
\captionmargin=\dimen152
\captionmargin@=\dimen153
\captionwidth=\dimen154
\caption@tempdima=\dimen155
\caption@indent=\dimen156
\caption@parindent=\dimen157
\caption@hangindent=\dimen158
Package caption Info: Standard document class detected.
)
\c@caption@flags=\count277
\c@continuedfloat=\count278
Package caption Info: listings package is loaded.
)
(C:\Program Files\MiKTeX\tex/latex/subfigure\subfigure.sty
Package: subfigure 2002/07/30 v2.1.4 subfigure package
\subfigtopskip=\skip52
\subfigcapskip=\skip53
\subfigcaptopadj=\dimen159
\subfigbottomskip=\skip54
\subfigcapmargin=\dimen160
\subfiglabelskip=\skip55
\c@subfigure=\count279
\c@lofdepth=\count280
\c@subtable=\count281
\c@lotdepth=\count282

****************************************
* Local config file subfigure.cfg used *
****************************************
(C:\Program Files\MiKTeX\tex/latex/subfigure\subfigure.cfg)
\subfig@top=\skip56
\subfig@bottom=\skip57
)
(C:\Program Files\MiKTeX\tex/latex/base\makeidx.sty
Package: makeidx 2014/09/29 v1.0m Standard LaTeX package
)
(C:\Program Files\MiKTeX\tex/generic/mathdots\mathdots.sty
Package: mathdots 2014/06/11 v0.9 Improve and add various macros for dots in ma
th.
\MDo@unit=\dimen161
\MDo@dotsbox=\box54
\MDoprekern=\muskip17
\MDopostkern=\muskip18
\MDodotkern=\muskip19
)
(C:\Program Files\MiKTeX\tex/latex/jknappen\mathrsfs.sty
Package: mathrsfs 1996/01/01 Math RSFS package v1.0 (jk)
\symrsfs=\mathgroup6
)
(C:\Program Files\MiKTeX\tex/latex/fancyhdr\fancyhdr.sty
Package: fancyhdr 2021/01/28 v4.0.1 Extensive control of page headers and foote
rs
\f@nch@headwidth=\skip58
\f@nch@O@elh=\skip59
\f@nch@O@erh=\skip60
\f@nch@O@olh=\skip61
\f@nch@O@orh=\skip62
\f@nch@O@elf=\skip63
\f@nch@O@erf=\skip64
\f@nch@O@olf=\skip65
\f@nch@O@orf=\skip66
)
(C:\Program Files\MiKTeX\tex/latex/amsfonts\eucal.sty
Package: eucal 2009/06/22 v3.00 Euler Script fonts
LaTeX Font Info:    Overwriting math alphabet `\EuScript' in version `bold'
(Font)                  U/eus/m/n --> U/eus/b/n on input line 33.
)
(C:\Program Files\MiKTeX\tex/generic/babel\babel.sty
Package: babel 2021/07/22 3.63 The Babel package

(C:\Program Files\MiKTeX\tex/generic/babel\babel.def
File: babel.def 2021/07/22 3.63 Babel common definitions
\babel@savecnt=\count283
\U@D=\dimen162
\l@unhyphenated=\language79

(C:\Program Files\MiKTeX\tex/generic/babel\txtbabel.def)
\bbl@readstream=\read2
)
\bbl@dirlevel=\count284

*************************************
* Local config file bblopts.cfg used
*
(C:\Program Files\MiKTeX\tex/latex/arabi\bblopts.cfg
File: bblopts.cfg 2005/09/08 v0.1 add Arabic and Farsi to "declared" options of
 babel
)
(C:\Program Files\MiKTeX\tex/latex/babel-spanish\spanish.ldf
Language: spanish.ldf 2021/05/27 v5.0q Spanish support from the babel system
\es@quottoks=\toks26
\es@quotdepth=\count285
Package babel Info: Making " an active character on input line 570.
))
(C:\Program Files\MiKTeX\tex/latex/graphics\color.sty
Package: color 2020/02/24 v1.2b Standard LaTeX Color (DPC)

(C:\Program Files\MiKTeX\tex/latex/graphics-cfg\color.cfg
File: color.cfg 2016/01/02 v1.6 sample color configuration
)
Package color Info: Driver file: pdftex.def on input line 149.

(C:\Program Files\MiKTeX\tex/latex/graphics-def\pdftex.def
File: pdftex.def 2020/10/05 v1.2a Graphics/color driver for pdftex
))
(C:\Program Files\MiKTeX\tex/latex/footmisc\footmisc.sty
Package: footmisc 2011/06/06 v5.5b a miscellany of footnote facilities
\FN@temptoken=\toks27
\footnotemargin=\dimen163
\c@pp@next@reset=\count286
\c@@fnserial=\count287
Package footmisc Info: Declaring symbol style bringhurst on input line 855.
Package footmisc Info: Declaring symbol style chicago on input line 863.
Package footmisc Info: Declaring symbol style wiley on input line 872.
Package footmisc Info: Declaring symbol style lamport-robust on input line 883.

Package footmisc Info: Declaring symbol style lamport* on input line 903.
Package footmisc Info: Declaring symbol style lamport*-robust on input line 924
.
)
(C:\Program Files\MiKTeX\tex/latex/natbib\natbib.sty
Package: natbib 2010/09/13 8.31b (PWD, AO)
\bibhang=\skip67
\bibsep=\skip68
LaTeX Info: Redefining \cite on input line 694.
\c@NAT@ctr=\count288
)
(C:\Program Files\MiKTeX\tex/latex/base\ifthen.sty
Package: ifthen 2020/11/24 v1.1c Standard LaTeX ifthen package (DPC)
)
(C:\Program Files\MiKTeX\tex/latex/tools\multicol.sty
Package: multicol 2019/12/09 v1.8y multicolumn formatting (FMi)
\c@tracingmulticols=\count289
\mult@box=\box55
\multicol@leftmargin=\dimen164
\c@unbalance=\count290
\c@collectmore=\count291
\doublecol@number=\count292
\multicoltolerance=\count293
\multicolpretolerance=\count294
\full@width=\dimen165
\page@free=\dimen166
\premulticols=\dimen167
\postmulticols=\dimen168
\multicolsep=\skip69
\multicolbaselineskip=\skip70
\partial@page=\box56
\last@line=\box57
\maxbalancingoverflow=\dimen169
\mult@rightbox=\box58
\mult@grightbox=\box59
\mult@gfirstbox=\box60
\mult@firstbox=\box61
\@tempa=\box62
\@tempa=\box63
\@tempa=\box64
\@tempa=\box65
\@tempa=\box66
\@tempa=\box67
\@tempa=\box68
\@tempa=\box69
\@tempa=\box70
\@tempa=\box71
\@tempa=\box72
\@tempa=\box73
\@tempa=\box74
\@tempa=\box75
\@tempa=\box76
\@tempa=\box77
\@tempa=\box78
\@tempa=\box79
\@tempa=\box80
\@tempa=\box81
\@tempa=\box82
\@tempa=\box83
\@tempa=\box84
\@tempa=\box85
\@tempa=\box86
\@tempa=\box87
\@tempa=\box88
\@tempa=\box89
\@tempa=\box90
\@tempa=\box91
\@tempa=\box92
\@tempa=\box93
\@tempa=\box94
\@tempa=\box95
\@tempa=\box96
\@tempa=\box97
\@tempa=\box98
\c@minrows=\count295
\c@columnbadness=\count296
\c@finalcolumnbadness=\count297
\last@try=\dimen170
\multicolovershoot=\dimen171
\multicolundershoot=\dimen172
\mult@nat@firstbox=\box99
\colbreak@box=\box100
\mc@col@check@num=\count298
)
(C:\Program Files\MiKTeX\tex/latex/tocbibind\tocbibind.sty
Package: tocbibind 2010/10/13 v1.5k extra ToC listings
Package tocbibind Info: The document has chapter divisions on input line 50.


Package tocbibind Note: Using chapter style headings, unless overridden.

) (C:\Program Files\MiKTeX\tex/latex/titlesec\titlesec.sty
Package: titlesec 2021/07/05 v2.14 Sectioning titles
\ttl@box=\box101
\beforetitleunit=\skip71
\aftertitleunit=\skip72
\ttl@plus=\dimen173
\ttl@minus=\dimen174
\ttl@toksa=\toks28
\titlewidth=\dimen175
\titlewidthlast=\dimen176
\titlewidthfirst=\dimen177
)
(C:\Program Files\MiKTeX\tex/latex/nomencl\nomencl.sty
Package: nomencl 2020/12/29 v5.5 Nomenclature package

(C:\Program Files\MiKTeX\tex/latex/xkeyval\xkeyval.sty
Package: xkeyval 2020/11/20 v2.8 package option processing (HA)

(C:\Program Files\MiKTeX\tex/generic/xkeyval\xkeyval.tex
(C:\Program Files\MiKTeX\tex/generic/xkeyval\xkvutils.tex
\XKV@toks=\toks29
\XKV@tempa@toks=\toks30
)
\XKV@depth=\count299
File: xkeyval.tex 2014/12/03 v2.7a key=value parser (HA)
))
(C:\Program Files\MiKTeX\tex/latex/koma-script\tocbasic.sty
Package: tocbasic 2021/06/25 v3.34 KOMA-Script package (handling toc-files)

(C:\Program Files\MiKTeX\tex/latex/koma-script\scrbase.sty
Package: scrbase 2021/06/25 v3.34 KOMA-Script package (KOMA-Script-independent 
basics and keyval usage)

(C:\Program Files\MiKTeX\tex/latex/koma-script\scrlfile.sty
Package: scrlfile 2021/06/25 v3.34 KOMA-Script package (file load hooks)

(C:\Program Files\MiKTeX\tex/latex/koma-script\scrlfile-hook.sty
Package: scrlfile-hook 2021/06/25 v3.34 KOMA-Script package (using LaTeX hooks)


(C:\Program Files\MiKTeX\tex/latex/koma-script\scrlogo.sty
Package: scrlogo 2021/06/25 v3.34 KOMA-Script package (logo)
)))
Applying: [2021/05/01] Usage of raw or classic option list on input line 252.
Already applied: [0000/00/00] Usage of raw or classic option list on input line
 368.
)
\scr@dte@tocline@numberwidth=\skip73
\scr@dte@tocline@numbox=\box102
)
Package tocbasic Info: setting babel extension for `nlo' on input line 187.
Package tocbasic Info: setting babel extension for `nls' on input line 188.
\nomlabelwidth=\dimen178
\nom@tempdim=\dimen179
\nomitemsep=\skip74
)
\@nomenclaturefile=\write3
\openout3 = `tesis.nlo'.

Package nomencl Info: Writing nomenclature file tesis.nlo on input line 73.

(C:\Program Files\MiKTeX\tex/generic/iftex\ifpdf.sty
Package: ifpdf 2019/10/25 v3.4 ifpdf legacy package. Use iftex instead.

(C:\Program Files\MiKTeX\tex/generic/iftex\iftex.sty
Package: iftex 2020/03/06 v1.0d TeX engine tests
))
(C:\Program Files\MiKTeX\tex/latex/hyperref\hyperref.sty
Package: hyperref 2021-06-07 v7.00m Hypertext links for LaTeX

(C:\Program Files\MiKTeX\tex/generic/ltxcmds\ltxcmds.sty
Package: ltxcmds 2020-05-10 v1.25 LaTeX kernel commands for general use (HO)
)
(C:\Program Files\MiKTeX\tex/generic/pdftexcmds\pdftexcmds.sty
Package: pdftexcmds 2020-06-27 v0.33 Utility functions of pdfTeX for LuaTeX (HO
)

(C:\Program Files\MiKTeX\tex/generic/infwarerr\infwarerr.sty
Package: infwarerr 2019/12/03 v1.5 Providing info/warning/error messages (HO)
)
Package pdftexcmds Info: \pdf@primitive is available.
Package pdftexcmds Info: \pdf@ifprimitive is available.
Package pdftexcmds Info: \pdfdraftmode found.
)
(C:\Program Files\MiKTeX\tex/generic/kvsetkeys\kvsetkeys.sty
Package: kvsetkeys 2019/12/15 v1.18 Key value parser (HO)
)
(C:\Program Files\MiKTeX\tex/generic/kvdefinekeys\kvdefinekeys.sty
Package: kvdefinekeys 2019-12-19 v1.6 Define keys (HO)
)
(C:\Program Files\MiKTeX\tex/generic/pdfescape\pdfescape.sty
Package: pdfescape 2019/12/09 v1.15 Implements pdfTeX's escape features (HO)
)
(C:\Program Files\MiKTeX\tex/latex/hycolor\hycolor.sty
Package: hycolor 2020-01-27 v1.10 Color options for hyperref/bookmark (HO)
)
(C:\Program Files\MiKTeX\tex/latex/letltxmacro\letltxmacro.sty
Package: letltxmacro 2019/12/03 v1.6 Let assignment for LaTeX macros (HO)
)
(C:\Program Files\MiKTeX\tex/latex/auxhook\auxhook.sty
Package: auxhook 2019-12-17 v1.6 Hooks for auxiliary files (HO)
)
(C:\Program Files\MiKTeX\tex/latex/kvoptions\kvoptions.sty
Package: kvoptions 2020-10-07 v3.14 Key value format for package options (HO)
)
\@linkdim=\dimen180
\Hy@linkcounter=\count300
\Hy@pagecounter=\count301

(C:\Program Files\MiKTeX\tex/latex/hyperref\pd1enc.def
File: pd1enc.def 2021-06-07 v7.00m Hyperref: PDFDocEncoding definition (HO)
Now handling font encoding PD1 ...
... no UTF-8 mapping file for font encoding PD1
)
(C:\Program Files\MiKTeX\tex/latex/hyperref\hyperref-langpatches.def
File: hyperref-langpatches.def 2021-06-07 v7.00m Hyperref: patches for babel la
nguages
)
(C:\Program Files\MiKTeX\tex/generic/intcalc\intcalc.sty
Package: intcalc 2019/12/15 v1.3 Expandable calculations with integers (HO)
)
(C:\Program Files\MiKTeX\tex/generic/etexcmds\etexcmds.sty
Package: etexcmds 2019/12/15 v1.7 Avoid name clashes with e-TeX commands (HO)
)
\Hy@SavedSpaceFactor=\count302

(C:\Program Files\MiKTeX\tex/latex/hyperref\puenc.def
File: puenc.def 2021-06-07 v7.00m Hyperref: PDF Unicode definition (HO)
Now handling font encoding PU ...
... no UTF-8 mapping file for font encoding PU
)
Package hyperref Info: Option `plainpages' set `false' on input line 4073.
Package hyperref Info: Option `pdfpagelabels' set `true' on input line 4073.
Package hyperref Info: Option `bookmarks' set `true' on input line 4073.
Package hyperref Info: Option `bookmarksopen' set `true' on input line 4073.
Package hyperref Info: Option `bookmarksnumbered' set `true' on input line 4073
.
Package hyperref Info: Option `breaklinks' set `true' on input line 4073.
Package hyperref Info: Option `linktocpage' set `true' on input line 4073.
Package hyperref Info: Option `colorlinks' set `true' on input line 4073.
Package hyperref Info: Option `hyperindex' set `true' on input line 4073.
Package hyperref Info: Option `hyperfigures' set `true' on input line 4073.
Package hyperref Info: Hyper figures ON on input line 4190.
Package hyperref Info: Link nesting OFF on input line 4197.
Package hyperref Info: Hyper index ON on input line 4200.
Package hyperref Info: Plain pages OFF on input line 4207.
Package hyperref Info: Backreferencing ON on input line 4210.
Package hyperref Info: Implicit mode ON; LaTeX internals redefined.
Package hyperref Info: Bookmarks ON on input line 4445.

(C:\Program Files\MiKTeX\tex/latex/hyperref\backref.sty
Package: backref 2021/02/04 v1.41 Bibliographical back referencing

(C:\Program Files\MiKTeX\tex/latex/rerunfilecheck\rerunfilecheck.sty
Package: rerunfilecheck 2019/12/05 v1.9 Rerun checks for auxiliary files (HO)

(C:\Program Files\MiKTeX\tex/latex/base\atveryend-ltx.sty
Package: atveryend-ltx 2020/08/19 v1.0a Emulation of the original atvery packag
e
with kernel methods
)
(C:\Program Files\MiKTeX\tex/generic/uniquecounter\uniquecounter.sty
Package: uniquecounter 2019/12/15 v1.4 Provide unlimited unique counter (HO)

(C:\Program Files\MiKTeX\tex/generic/bigintcalc\bigintcalc.sty
Package: bigintcalc 2019/12/15 v1.5 Expandable calculations on big integers (HO
)
))
Package uniquecounter Info: New unique counter `rerunfilecheck' on input line 2
86.
))
\c@Hy@tempcnt=\count303

(C:\Program Files\MiKTeX\tex/latex/url\url.sty
\Urlmuskip=\muskip20
Package: url 2013/09/16  ver 3.4  Verb mode for urls, etc.
)
LaTeX Info: Redefining \url on input line 4804.
\XeTeXLinkMargin=\dimen181

(C:\Program Files\MiKTeX\tex/generic/bitset\bitset.sty
Package: bitset 2019/12/09 v1.3 Handle bit-vector datatype (HO)
)
\Fld@menulength=\count304
\Field@Width=\dimen182
\Fld@charsize=\dimen183
Package hyperref Info: Hyper figures ON on input line 6074.
Package hyperref Info: Link nesting OFF on input line 6081.
Package hyperref Info: Hyper index ON on input line 6084.
Package hyperref Info: backreferencing ON on input line 6089.
Package hyperref Info: Link coloring ON on input line 6094.
Package hyperref Info: Link coloring with OCG OFF on input line 6101.
Package hyperref Info: PDF/A mode OFF on input line 6106.
LaTeX Info: Redefining \ref on input line 6146.
LaTeX Info: Redefining \pageref on input line 6150.

(C:\Program Files\MiKTeX\tex/latex/base\atbegshi-ltx.sty
Package: atbegshi-ltx 2021/01/10 v1.0c Emulation of the original atbegshi
package with kernel methods
)
\Hy@abspage=\count305
\c@Item=\count306
\c@Hfootnote=\count307
)
Package hyperref Info: Driver: hpdftex.

(C:\Program Files\MiKTeX\tex/latex/hyperref\hpdftex.def
File: hpdftex.def 2021-06-07 v7.00m Hyperref driver for pdfTeX
\Fld@listcount=\count308
\c@bookmark@seq@number=\count309
\Hy@SectionHShift=\skip75
)
(C:\Program Files\MiKTeX\tex/latex/graphics\graphicx.sty
Package: graphicx 2020/12/05 v1.2c Enhanced LaTeX Graphics (DPC,SPQR)

(C:\Program Files\MiKTeX\tex/latex/graphics\graphics.sty
Package: graphics 2021/03/04 v1.4d Standard LaTeX Graphics (DPC,SPQR)

(C:\Program Files\MiKTeX\tex/latex/graphics\trig.sty
Package: trig 2016/01/03 v1.10 sin cos tan (DPC)
)
(C:\Program Files\MiKTeX\tex/latex/graphics-cfg\graphics.cfg
File: graphics.cfg 2016/06/04 v1.11 sample graphics configuration
)
Package graphics Info: Driver file: pdftex.def on input line 107.
)
\Gin@req@height=\dimen184
\Gin@req@width=\dimen185
))
(C:\Program Files\MiKTeX\tex/latex/blindtext\blindtext.sty
Package: blindtext 2012/01/06 V2.0 blindtext-Package

(C:\Program Files\MiKTeX\tex/latex/tools\xspace.sty
Package: xspace 2014/10/28 v1.13 Space after command names (DPC,MH)
)
\c@blindtext=\count310
\c@Blindtext=\count311
\c@blind@countparstart=\count312
\blind@countxx=\count313
\blindtext@numBlindtext=\count314
\blind@countyy=\count315
\c@blindlist=\count316
\c@blindlistlevel=\count317
\c@blindlist@level=\count318
\blind@listitem=\count319
\c@blind@listcount=\count320
\c@blind@levelcount=\count321
\blind@mathformula=\count322
\blind@Mathformula=\count323
\c@blind@randomcount=\count324
\c@blind@randommax=\count325
\c@blind@pangramcount=\count326
\c@blind@pangrammax=\count327
)
(C:\Program Files\MiKTeX\tex/latex/algorithm2e\algorithm2e.sty
Package: algorithm2e 2017/07/18 v5.2 algorithms environments
\c@AlgoLine=\count328
\algocf@hangindent=\skip76

(C:\Program Files\MiKTeX\tex/latex/ifoddpage\ifoddpage.sty
Package: ifoddpage 2016/04/23 v1.1 Conditionals for odd/even page detection
\c@checkoddpage=\count329
)
(C:\Program Files\MiKTeX\tex/latex/relsize\relsize.sty
Package: relsize 2013/03/29 ver 4.1
)
\skiptotal=\skip77
\skiplinenumber=\skip78
\skiprule=\skip79
\skiphlne=\skip80
\skiptext=\skip81
\skiplength=\skip82
\algomargin=\skip83
\skipalgocfslide=\skip84
\algowidth=\dimen186
\inoutsize=\dimen187
\inoutindent=\dimen188
\interspacetitleruled=\dimen189
\interspacealgoruled=\dimen190
\interspacetitleboxruled=\dimen191
\algocf@ruledwidth=\skip85
\algocf@inoutbox=\box103
\algocf@inputbox=\box104
\AlCapSkip=\skip86
\AlCapHSkip=\skip87
\algoskipindent=\skip88
\algocf@nlbox=\box105
\algocf@hangingbox=\box106
\algocf@untilbox=\box107
\algocf@skipuntil=\skip89
\algocf@capbox=\box108
\algocf@lcaptionbox=\skip90
\algoheightruledefault=\skip91
\algoheightrule=\skip92
\algotitleheightruledefault=\skip93
\algotitleheightrule=\skip94
\c@algocfline=\count330
\c@algocfproc=\count331
\c@algocf=\count332
\algocf@algoframe=\box109
\algocf@algobox=\box110
)
(C:\Program Files\MiKTeX\tex/latex/colortbl\colortbl.sty
Package: colortbl 2020/01/04 v1.0e Color table columns (DPC)

(C:\Program Files\MiKTeX\tex/latex/tools\array.sty
Package: array 2021/04/20 v2.5e Tabular extension package (FMi)
\col@sep=\dimen192
\ar@mcellbox=\box111
\extrarowheight=\dimen193
\NC@list=\toks31
\extratabsurround=\skip95
\backup@length=\skip96
\ar@cellbox=\box112
)
\everycr=\toks32
\minrowclearance=\skip97
)
(C:\Program Files\MiKTeX\tex/latex/booktabs\booktabs.sty
Package: booktabs 2020/01/12 v1.61803398 Publication quality tables
\heavyrulewidth=\dimen194
\lightrulewidth=\dimen195
\cmidrulewidth=\dimen196
\belowrulesep=\dimen197
\belowbottomsep=\dimen198
\aboverulesep=\dimen199
\abovetopsep=\dimen256
\cmidrulesep=\dimen257
\cmidrulekern=\dimen258
\defaultaddspace=\dimen259
\@cmidla=\count333
\@cmidlb=\count334
\@aboverulesep=\dimen260
\@belowrulesep=\dimen261
\@thisruleclass=\count335
\@lastruleclass=\count336
\@thisrulewidth=\dimen262
)
(C:\Program Files\MiKTeX\tex/latex/graphics\rotating.sty
Package: rotating 2016/08/11 v2.16d rotated objects in LaTeX
\c@r@tfl@t=\count337
\rotFPtop=\skip98
\rotFPbot=\skip99
\rot@float@box=\box113
\rot@mess@toks=\toks33
)
(C:\Program Files\MiKTeX\tex/latex/multirow\multirow.sty
Package: multirow 2021/03/15 v2.8 Span multiple rows of a table
\multirow@colwidth=\skip100
\multirow@cntb=\count338
\multirow@dima=\skip101
\bigstrutjot=\dimen263
)
(C:\Program Files\MiKTeX\tex/latex/float\float.sty
Package: float 2001/11/08 v1.3d Float enhancements (AL)
\c@float@type=\count339
\float@exts=\toks34
\float@box=\box114
\@float@everytoks=\toks35
\@floatcapt=\box115
)
(C:\Program Files\MiKTeX\tex/latex/tools\longtable.sty
Package: longtable 2021-05-07 v4.16 Multi-page Table package (DPC)
\LTleft=\skip102
\LTright=\skip103
\LTpre=\skip104
\LTpost=\skip105
\LTchunksize=\count340
\LTcapwidth=\dimen264
\LT@head=\box116
\LT@firsthead=\box117
\LT@foot=\box118
\LT@lastfoot=\box119
\LT@gbox=\box120
\LT@cols=\count341
\LT@rows=\count342
\c@LT@tables=\count343
\c@LT@chunks=\count344
\LT@p@ftn=\toks36
)
(C:\Program Files\MiKTeX\tex/latex/tools\enumerate.sty
Package: enumerate 2015/07/23 v3.00 enumerate extensions (DPC)
\@enLab=\toks37
)
\@input{Latex/Macros/MacroFile1.aux}
\openout2 = `Latex/Macros/MacroFile1.aux'.

(Latex/Macros/MacroFile1.tex)
(C:\Program Files\MiKTeX\tex/latex/l3backend\l3backend-pdftex.def
File: l3backend-pdftex.def 2021-08-04 L3 backend support: PDF output (pdfTeX)
\l__color_backend_stack_int=\count345
\l__pdf_internal_box=\box121
) (tesis.aux
LaTeX Info: Redefining \. on input line 24.
LaTeX Info: Redefining \% on input line 24.

(Agradecimientos/Dedicatoria.aux) (Resumen/Resumen.aux)
(Introduccion/Introduccion.aux) (Capitulo1/Introduccion.aux)
(Capitulo2/Marco_teorico.aux) (Capitulo3/Diseno_del_experimento.aux)
(Capitulo4/Resultados.aux

LaTeX Warning: Label `fig:DSLDI' multiply defined.

) (CapituloImplem/Implementacion.aux) (Capitulo7/Resultados.aux)
(Capitulo5/Conclusiones.aux) (Apendice1/Apendice1.aux))
\openout1 = `tesis.aux'.

LaTeX Font Info:    Checking defaults for OML/cmm/m/it on input line 47.
LaTeX Font Info:    ... okay on input line 47.
LaTeX Font Info:    Checking defaults for OMS/cmsy/m/n on input line 47.
LaTeX Font Info:    ... okay on input line 47.
LaTeX Font Info:    Checking defaults for OT1/cmr/m/n on input line 47.
LaTeX Font Info:    ... okay on input line 47.
LaTeX Font Info:    Checking defaults for T1/cmr/m/n on input line 47.
LaTeX Font Info:    ... okay on input line 47.
LaTeX Font Info:    Checking defaults for TS1/cmr/m/n on input line 47.
LaTeX Font Info:    ... okay on input line 47.
LaTeX Font Info:    Checking defaults for OMX/cmex/m/n on input line 47.
LaTeX Font Info:    ... okay on input line 47.
LaTeX Font Info:    Checking defaults for U/cmr/m/n on input line 47.
LaTeX Font Info:    ... okay on input line 47.
LaTeX Font Info:    Checking defaults for PD1/pdf/m/n on input line 47.
LaTeX Font Info:    ... okay on input line 47.
LaTeX Font Info:    Checking defaults for PU/pdf/m/n on input line 47.
LaTeX Font Info:    ... okay on input line 47.
\c@lstlisting=\count346
Package caption Info: Begin \AtBeginDocument code.
Package caption Info: float package is loaded.
Package caption Info: hyperref package is loaded.
Package caption Info: longtable package is loaded.

(C:\Program Files\MiKTeX\tex/latex/caption\ltcaption.sty
Package: ltcaption 2020/05/30 v1.4b longtable captions (AR)
)
Package caption Info: rotating package is loaded.
Package caption Info: subfigure package is loaded.
Package caption Info: End \AtBeginDocument code.
LaTeX Info: Redefining \. on input line 47.
LaTeX Info: Redefining \% on input line 47.

(C:\Program Files\MiKTeX\tex/context/base/mkii\supp-pdf.mkii
[Loading MPS to PDF converter (version 2006.09.02).]
\scratchcounter=\count347
\scratchdimen=\dimen265
\scratchbox=\box122
\nofMPsegments=\count348
\nofMParguments=\count349
\everyMPshowfont=\toks38
\MPscratchCnt=\count350
\MPscratchDim=\dimen266
\MPnumerator=\count351
\makeMPintoPDFobject=\count352
\everyMPtoPDFconversion=\toks39
) (C:\Program Files\MiKTeX\tex/latex/epstopdf-pkg\epstopdf-base.sty
Package: epstopdf-base 2020-01-24 v2.11 Base part for package epstopdf
Package epstopdf-base Info: Redefining graphics rule for `.eps' on input line 4
85.

(C:\Program Files\MiKTeX\tex/latex/00miktex\epstopdf-sys.cfg
File: epstopdf-sys.cfg 2021/03/18 v2.0 Configuration of epstopdf for MiKTeX
))
Package hyperref Info: Link coloring ON on input line 47.

(C:\Program Files\MiKTeX\tex/latex/hyperref\nameref.sty
Package: nameref 2021-04-02 v2.47 Cross-referencing by name of section

(C:\Program Files\MiKTeX\tex/latex/refcount\refcount.sty
Package: refcount 2019/12/15 v3.6 Data extraction from label references (HO)
)
(C:\Program Files\MiKTeX\tex/generic/gettitlestring\gettitlestring.sty
Package: gettitlestring 2019/12/15 v1.6 Cleanup title references (HO)
)
\c@section@level=\count353
)
LaTeX Info: Redefining \ref on input line 47.
LaTeX Info: Redefining \pageref on input line 47.
LaTeX Info: Redefining \nameref on input line 47.

(tesis.out) (tesis.out)
\@outlinefile=\write4
\openout4 = `tesis.out'.

Package backref Info: ** backref set up for natbib ** on input line 47.
<Latex/Classes/POLI2.png, id=559, 525.965pt x 778.91pt>
File: Latex/Classes/POLI2.png Graphic file (type png)
<use Latex/Classes/POLI2.png>
Package pdftex.def Info: Latex/Classes/POLI2.png  used on input line 50.
(pdftex.def)             Requested size: 49.95114pt x 73.97733pt.
<Latex/Classes/UPIITA.png, id=561, 284.5029pt x 284.5029pt>
File: Latex/Classes/UPIITA.png Graphic file (type png)
<use Latex/Classes/UPIITA.png>
Package pdftex.def Info: Latex/Classes/UPIITA.png  used on input line 50.
(pdftex.def)             Requested size: 73.97768pt x 73.97733pt.
LaTeX Font Info:    Trying to load font information for U+msa on input line 50.

 (C:\Program Files\MiKTeX\tex/latex/amsfonts\umsa.fd
File: umsa.fd 2013/01/14 v3.01 AMS symbols A
)
LaTeX Font Info:    Trying to load font information for U+msb on input line 50.


(C:\Program Files\MiKTeX\tex/latex/amsfonts\umsb.fd
File: umsb.fd 2013/01/14 v3.01 AMS symbols B
)
LaTeX Font Info:    Trying to load font information for U+rsfs on input line 50
.

(C:\Program Files\MiKTeX\tex/latex/jknappen\ursfs.fd
File: ursfs.fd 1998/03/24 rsfs font definition file (jk)
)
Overfull \vbox (255.31291pt too high) detected at line 50
 []


Underfull \hbox (badness 10000) detected at line 50
\OT1/cmr/m/n/24.88 T E S I S
 []


Overfull \vbox (302.574pt too high) detected at line 50
 []

[1



\FN@pp@footnotehinttrue 

\FN@pp@footnotehinttrue 


{C:/Users/ricar/AppData/Local/MiKTeX/pdftex/config/pdftex.map} <./Latex/Classes
/POLI2.png> <./Latex/Classes/UPIITA.png>] [2

]
\openout2 = `Agradecimientos/Dedicatoria.aux'.

 (Agradecimientos/Dedicatoria.texpdfTeX warning (ext4): destination with the sa
me identifier (name{page.I}) has been already used, duplicate ignored
<to be read again> 
                   \relax 
l.24 \end{dedication}
                      [1

])
\openout2 = `Resumen/Resumen.aux'.

 (Resumen/Resumen.texpdfTeX warning (ext4): destination with the same identifie
r (name{page.II}) has been already used, duplicate ignored
<to be read again> 
                   \relax 
l.6 \begin{abstracts}
                             %this creates the heading for the abstract page
[2



] [3

] [4]) (tesis.toc
LaTeX Info: Redefining \. on input line 1.
LaTeX Info: Redefining \% on input line 1.


LaTeX Font Warning: Font shape `OT1/cmr/bx/sc' undefined
(Font)              using `OT1/cmr/bx/n' instead on input line 2.


Package spanish Warning: Replacing `OT1/cmr/bx/sc' by 
(spanish)                faked small caps on input line 2.


Package spanish Warning: Replacing `OT1/cmr/bx/sc' by 
(spanish)                faked small caps on input line 3.

[5
\FN@pp@footnotehinttrue 

\FN@pp@footnotehinttrue 


]
LaTeX Info: Redefining \. on input line 70.
LaTeX Info: Redefining \% on input line 70.
 [6]
LaTeX Info: Redefining \. on input line 111.
LaTeX Info: Redefining \% on input line 111.
 [7])
\tf@toc=\write5
\openout5 = `tesis.toc'.

LaTeX Info: Redefining \. on input line 71.
LaTeX Info: Redefining \% on input line 71.
 [8] (tesis.lof
LaTeX Info: Redefining \. on input line 1.
LaTeX Info: Redefining \% on input line 1.
 [9

])
\tf@lof=\write6
\openout6 = `tesis.lof'.

LaTeX Info: Redefining \. on input line 72.
LaTeX Info: Redefining \% on input line 72.
 [10] (tesis.lot
LaTeX Info: Redefining \. on input line 1.
LaTeX Info: Redefining \% on input line 1.
 [11

])
\tf@lot=\write7
\openout7 = `tesis.lot'.

LaTeX Info: Redefining \. on input line 79.
LaTeX Info: Redefining \% on input line 79.
 [12]
\openout2 = `Introduccion/Introduccion.aux'.


(Introduccion/Introduccion.tex
Underfull \hbox (badness 10000) in paragraph at lines 4--5

 []


Underfull \hbox (badness 10000) in paragraph at lines 6--7

 []


Underfull \hbox (badness 10000) in paragraph at lines 8--10

 []


Underfull \hbox (badness 10000) in paragraph at lines 11--12

 []

[1



]
LaTeX Info: Redefining \. on input line 14.
LaTeX Info: Redefining \% on input line 14.
 [2])
\openout2 = `Capitulo1/Introduccion.aux'.

 (Capitulo1/Introduccion.tex
Cap\'{\i }tulo 1.

Overfull \hbox (15.27045pt too wide) in paragraph at lines 52--53
 [][] 
 []


Overfull \hbox (17.27795pt too wide) in paragraph at lines 81--82
 [][] 
 []

[3




]
LaTeX Info: Redefining \. on input line 107.
LaTeX Info: Redefining \% on input line 107.
 [4]
<Capitulo1/Img/MesadeServicioDiagrama.png, id=992, 371.88937pt x 256.70906pt>
File: Capitulo1/Img/MesadeServicioDiagrama.png Graphic file (type png)
<use Capitulo1/Img/MesadeServicioDiagrama.png>
Package pdftex.def Info: Capitulo1/Img/MesadeServicioDiagrama.png  used on inpu
t line 119.
(pdftex.def)             Requested size: 453.82396pt x 313.27467pt.

Overfull \hbox (41.259pt too wide) in paragraph at lines 119--120
 [][] 
 []


Underfull \hbox (badness 10000) in paragraph at lines 126--127

 []

LaTeX Info: Redefining \. on input line 127.
LaTeX Info: Redefining \% on input line 127.
[5 <./Capitulo1/Img/MesadeServicioDiagrama.png>]
Underfull \hbox (badness 10000) in paragraph at lines 130--131

 []


Underfull \hbox (badness 10000) in paragraph at lines 134--135

 []


Underfull \hbox (badness 10000) in paragraph at lines 140--141

 []


Underfull \hbox (badness 10000) in paragraph at lines 144--145

 []

<Capitulo1/Img/AMDS.png, id=1001, 505.89pt x 191.9672pt>
File: Capitulo1/Img/AMDS.png Graphic file (type png)
<use Capitulo1/Img/AMDS.png>
Package pdftex.def Info: Capitulo1/Img/AMDS.png  used on input line 157.
(pdftex.def)             Requested size: 371.30594pt x 140.8994pt.
LaTeX Info: Redefining \. on input line 170.
LaTeX Info: Redefining \% on input line 170.
[6]
LaTeX Info: Redefining \. on input line 188.
LaTeX Info: Redefining \% on input line 188.
 [7 <./Capitulo1/Img/AMDS.png>]
<Capitulo1/Img/ERP-MDS.png, id=1012, 505.89pt x 100.87688pt>
File: Capitulo1/Img/ERP-MDS.png Graphic file (type png)
<use Capitulo1/Img/ERP-MDS.png>
Package pdftex.def Info: Capitulo1/Img/ERP-MDS.png  used on input line 201.
(pdftex.def)             Requested size: 371.30594pt x 74.04124pt.
LaTeX Info: Redefining \. on input line 224.
LaTeX Info: Redefining \% on input line 224.
 [8 <./Capitulo1/Img/ERP-MDS.png>]
LaTeX Info: Redefining \. on input line 241.
LaTeX Info: Redefining \% on input line 241.
 [9])
LaTeX Info: Redefining \. on input line 84.
LaTeX Info: Redefining \% on input line 84.

[10]
\openout2 = `Capitulo2/Marco_teorico.aux'.

 (Capitulo2/Marco_teorico.tex
Cap\'{\i }tulo 2.
[11




]
LaTeX Info: Redefining \. on input line 55.
LaTeX Info: Redefining \% on input line 55.
 [12]
LaTeX Info: Redefining \. on input line 65.
LaTeX Info: Redefining \% on input line 65.
 [13]
Overfull \hbox (29.76643pt too wide) in paragraph at lines 97--98
 [][] 
 []

)
LaTeX Info: Redefining \. on input line 85.
LaTeX Info: Redefining \% on input line 85.
 [14]
\openout2 = `Capitulo3/Diseno_del_experimento.aux'.

 (Capitulo3/Diseno_del_experimento.tex
Cap\'{\i }tulo 3.
[15




]
LaTeX Info: Redefining \. on input line 46.
LaTeX Info: Redefining \% on input line 46.
 [16]
LaTeX Info: Redefining \. on input line 69.
LaTeX Info: Redefining \% on input line 69.
 [17]
LaTeX Info: Redefining \. on input line 94.
LaTeX Info: Redefining \% on input line 94.
 [18]
LaTeX Info: Redefining \. on input line 116.
LaTeX Info: Redefining \% on input line 116.
 [19]
LaTeX Info: Redefining \. on input line 145.
LaTeX Info: Redefining \% on input line 145.
 [20]
LaTeX Info: Redefining \. on input line 161.
LaTeX Info: Redefining \% on input line 161.
 [21])
LaTeX Info: Redefining \. on input line 86.
LaTeX Info: Redefining \% on input line 86.
 [22]
\openout2 = `Capitulo4/Resultados.aux'.

 (Capitulo4/Resultados.tex
Cap\'{\i }tulo 4.
[23




]
LaTeX Info: Redefining \. on input line 79.
LaTeX Info: Redefining \% on input line 79.
 [24]
LaTeX Info: Redefining \. on input line 148.
LaTeX Info: Redefining \% on input line 148.
 [25]
LaTeX Info: Redefining \. on input line 209.
LaTeX Info: Redefining \% on input line 209.
 [26]
Overfull \hbox (7.28474pt too wide) in paragraph at lines 239--240
 [][] 
 []

LaTeX Info: Redefining \. on input line 246.
LaTeX Info: Redefining \% on input line 246.
[27]
LaTeX Info: Redefining \. on input line 290.
LaTeX Info: Redefining \% on input line 290.
 [28]
LaTeX Info: Redefining \. on input line 324.
LaTeX Info: Redefining \% on input line 324.
 [29]
Overfull \hbox (24.87724pt too wide) in paragraph at lines 386--387
 [][] 
 []

LaTeX Info: Redefining \. on input line 395.
LaTeX Info: Redefining \% on input line 395.
[30]
Underfull \hbox (badness 10000) in paragraph at lines 409--410

 []

LaTeX Info: Redefining \. on input line 423.
LaTeX Info: Redefining \% on input line 423.
[31]
<Capitulo4/Img/GestionRnf/BaseDatos.jpg, id=1132, 650.43pt x 578.16pt>
File: Capitulo4/Img/GestionRnf/BaseDatos.jpg Graphic file (type jpg)
<use Capitulo4/Img/GestionRnf/BaseDatos.jpg>
Package pdftex.def Info: Capitulo4/Img/GestionRnf/BaseDatos.jpg  used on input 
line 462.
(pdftex.def)             Requested size: 371.30594pt x 330.05748pt.
LaTeX Info: Redefining \. on input line 466.
LaTeX Info: Redefining \% on input line 466.
 [32]
LaTeX Info: Redefining \. on input line 484.
LaTeX Info: Redefining \% on input line 484.
 [33 <./Capitulo4/Img/GestionRnf/BaseDatos.jpg>]
Underfull \hbox (badness 10000) in paragraph at lines 488--490

 []


Underfull \hbox (badness 10000) in paragraph at lines 514--514
[]|[]\OT1/cmr/bx/sc/10.95 Caractersti-
 []


Underfull \hbox (badness 10000) in paragraph at lines 514--514
[]|\OT1/cmr/bx/sc/10.95 Tolerancia a
 []


Overfull \hbox (23.0619pt too wide) in paragraph at lines 514--514
[]|\OT1/cmr/m/n/10.95 Particionamiento
 []


Underfull \hbox (badness 10000) in paragraph at lines 514--514
\OT1/cmr/m/n/10.95 y re-pli-ca-
 []


Overfull \hbox (7.82314pt too wide) in paragraph at lines 514--514
[]|\OT1/cmr/m/n/10.95 HTTP/REST| 
 []


Underfull \hbox (badness 10000) in paragraph at lines 514--514
[]|\OT1/cmr/m/n/10.95 Similar a
 []

LaTeX Info: Redefining \. on input line 530.
LaTeX Info: Redefining \% on input line 530.
[34]
Underfull \hbox (badness 10000) in paragraph at lines 545--546
[]|[]\OT1/cmr/bx/sc/10.95 Google
 []


Underfull \hbox (badness 10000) in paragraph at lines 561--561
[]|\OT1/cmr/bx/sc/10.95 Experiencia con
 []

LaTeX Info: Redefining \. on input line 572.
LaTeX Info: Redefining \% on input line 572.
[35]
Underfull \hbox (badness 1158) in paragraph at lines 601--601
[]|\OT1/cmr/m/n/10.95 Desarrollo orien-ta-do a com-po-
 []

LaTeX Info: Redefining \. on input line 607.
LaTeX Info: Redefining \% on input line 607.
[36]
Underfull \hbox (badness 1540) in paragraph at lines 629--629
[]|\OT1/cmr/m/n/10.95 Su co-mu-ni-dad no es
 []


Underfull \hbox (badness 1460) in paragraph at lines 629--629
\OT1/cmr/m/n/10.95 tan am-plia de-bi-do a
 []


Underfull \hbox (badness 10000) in paragraph at lines 629--629
[]|\OT1/cmr/m/n/10.95 Ofrece buen ren-di-
 []


Underfull \hbox (badness 1097) in paragraph at lines 629--629
\OT1/cmr/m/n/10.95 mien-to de-bi-do a que
 []


Overfull \hbox (9.32811pt too wide) in paragraph at lines 629--629
[]|\OT1/cmr/bx/sc/10.95 Documentacion| 
 []


Underfull \hbox (badness 1270) in paragraph at lines 629--629
[]|\OT1/cmr/m/n/10.95 Cuenta con la do-cu-
 []


Underfull \hbox (badness 10000) in paragraph at lines 629--629
[]|\OT1/cmr/bx/sc/10.95 Curva de
 []


Underfull \hbox (badness 1755) in paragraph at lines 629--629
\OT1/cmr/m/n/10.95 PHP es un len-gua-je
 []


Underfull \hbox (badness 10000) in paragraph at lines 629--629
[]|\OT1/cmr/m/n/10.95 Tiene la cur-va de
 []


Underfull \hbox (badness 10000) in paragraph at lines 629--629
\OT1/cmr/m/n/10.95 apren-di-za-je me-nos
 []


Underfull \hbox (badness 10000) in paragraph at lines 629--629
\OT1/cmr/m/n/10.95 pro-nun-cia-da, de-bi-do
 []


Underfull \hbox (badness 2772) in paragraph at lines 629--629
\OT1/cmr/m/n/10.95 a que es un mar-co
 []


Underfull \hbox (badness 3919) in paragraph at lines 629--629
[]|\OT1/cmr/m/n/10.95 Curva de apren-di-za-
 []


Underfull \hbox (badness 10000) in paragraph at lines 629--629
\OT1/cmr/m/n/10.95 je mas pro-nun-cia-da
 []


Underfull \hbox (badness 10000) in paragraph at lines 629--629
\OT1/cmr/m/n/10.95 en com-pa-ra-cion de
 []


Underfull \hbox (badness 10000) in paragraph at lines 629--629
\OT1/cmr/m/n/10.95 los otros mar-cos,
 []


Underfull \hbox (badness 10000) in paragraph at lines 629--629
\OT1/cmr/m/n/10.95 de-bi-do su fi-lo-sofa
 []


Underfull \hbox (badness 5878) in paragraph at lines 629--629
\OT1/cmr/m/n/10.95 de con-ven-cion so-bre
 []


Overfull \hbox (7.602pt too wide) in paragraph at lines 629--629
[]|\OT1/cmr/bx/sc/10.95 Mantenibilidad| 
 []

LaTeX Info: Redefining \. on input line 632.
LaTeX Info: Redefining \% on input line 632.
[37]
LaTeX Info: Redefining \. on input line 650.
LaTeX Info: Redefining \% on input line 650.
 [38]
<Capitulo4/Img/Mesa2.png, id=1169, 917.4275pt x 764.8575pt>
File: Capitulo4/Img/Mesa2.png Graphic file (type png)
<use Capitulo4/Img/Mesa2.png>
Package pdftex.def Info: Capitulo4/Img/Mesa2.png  used on input line 656.
(pdftex.def)             Requested size: 453.82396pt x 378.3547pt.

Overfull \hbox (41.259pt too wide) in paragraph at lines 656--657
 [][] 
 []

LaTeX Info: Redefining \. on input line 668.
LaTeX Info: Redefining \% on input line 668.
[39 <./Capitulo4/Img/Mesa2.png>]
LaTeX Info: Redefining \. on input line 713.
LaTeX Info: Redefining \% on input line 713.
 [40]
Overfull \hbox (15.43181pt too wide) in paragraph at lines 739--755
 [][][] 
 []


Underfull \hbox (badness 1789) in paragraph at lines 790--790
[]|\OT1/cmr/m/n/10.95 Reporta in-ci-den-te a
 []


Underfull \hbox (badness 10000) in paragraph at lines 790--790
[]|\OT1/cmr/m/n/10.95 Solicita in-for-ma-cion
 []


Underfull \hbox (badness 10000) in paragraph at lines 790--790
[]|\OT1/cmr/m/n/10.95 Categorizacion de
 []


Underfull \hbox (badness 1688) in paragraph at lines 790--790
[]|\OT1/cmr/m/n/10.95 Asigancion de aten-
 []

LaTeX Info: Redefining \. on input line 792.
LaTeX Info: Redefining \% on input line 792.
[41]
Overfull \vbox (7.53189pt too high) has occurred while \output is active []

LaTeX Info: Redefining \. on input line 792.
LaTeX Info: Redefining \% on input line 792.

[42]
<Capitulo4/Img/Regitro_de_Incidente.png, id=1193, 794.97pt x 614.295pt>
File: Capitulo4/Img/Regitro_de_Incidente.png Graphic file (type png)
<use Capitulo4/Img/Regitro_de_Incidente.png>
Package pdftex.def Info: Capitulo4/Img/Regitro_de_Incidente.png  used on input 
line 800.
(pdftex.def)             Requested size: 371.30594pt x 286.92836pt.
<Capitulo4/Img/Levantamiento_inc/home.png, id=1195, 1445.4pt x 1027.84pt>
File: Capitulo4/Img/Levantamiento_inc/home.png Graphic file (type png)
<use Capitulo4/Img/Levantamiento_inc/home.png>
Package pdftex.def Info: Capitulo4/Img/Levantamiento_inc/home.png  used on inpu
t line 810.
(pdftex.def)             Requested size: 453.82396pt x 322.72052pt.

Overfull \hbox (41.259pt too wide) in paragraph at lines 810--811
 [][] 
 []

LaTeX Info: Redefining \. on input line 814.
LaTeX Info: Redefining \% on input line 814.
[43 <./Capitulo4/Img/Regitro_de_Incidente.png>]
<Capitulo4/Img/Levantamiento_inc/Registro.png, id=1201, 1445.4pt x 1027.84pt>
File: Capitulo4/Img/Levantamiento_inc/Registro.png Graphic file (type png)
<use Capitulo4/Img/Levantamiento_inc/Registro.png>
Package pdftex.def Info: Capitulo4/Img/Levantamiento_inc/Registro.png  used on 
input line 817.
(pdftex.def)             Requested size: 453.82396pt x 322.72052pt.

Overfull \hbox (41.259pt too wide) in paragraph at lines 817--818
 [][] 
 []

LaTeX Info: Redefining \. on input line 821.
LaTeX Info: Redefining \% on input line 821.
[44 <./Capitulo4/Img/Levantamiento_inc/home.png>]
LaTeX Info: Redefining \. on input line 825.
LaTeX Info: Redefining \% on input line 825.
 [45 <./Capitulo4/Img/Levantamiento_inc/Registro.png>]
LaTeX Info: Redefining \. on input line 886.
LaTeX Info: Redefining \% on input line 886.
 [46]
Underfull \hbox (badness 10000) in paragraph at lines 967--967

 []


Underfull \hbox (badness 10000) in paragraph at lines 967--967

 []


Underfull \hbox (badness 10000) in paragraph at lines 967--967

 []


Underfull \hbox (badness 10000) in paragraph at lines 967--967

 []


Underfull \hbox (badness 10000) in paragraph at lines 967--967

 []


Underfull \hbox (badness 10000) in paragraph at lines 967--967
[]|\OT1/cmr/m/n/10.95 Coordinador de
 []


Underfull \hbox (badness 10000) in paragraph at lines 967--967

 []


Underfull \hbox (badness 10000) in paragraph at lines 967--967

 []


Underfull \hbox (badness 10000) in paragraph at lines 967--967

 []


Underfull \hbox (badness 10000) in paragraph at lines 967--967

 []


Underfull \hbox (badness 6876) in paragraph at lines 967--967
[]|\OT1/cmr/m/n/10.95 Solicita va-li-da-cion con el
 []


Underfull \hbox (badness 10000) in paragraph at lines 967--967

 []


Underfull \hbox (badness 10000) in paragraph at lines 967--967
[]|\OT1/cmr/m/n/10.95 Coordinador de
 []


Underfull \hbox (badness 10000) in paragraph at lines 967--967
\OT1/cmr/m/n/10.95 Agentes de la
 []


Underfull \hbox (badness 10000) in paragraph at lines 967--967
[]|\OT1/cmr/m/n/10.95 Coordinador de
 []


Underfull \hbox (badness 10000) in paragraph at lines 967--967
\OT1/cmr/m/n/10.95 Agentes de la
 []

LaTeX Info: Redefining \. on input line 969.
LaTeX Info: Redefining \% on input line 969.
[47]

LaTeX Warning: Reference `' on page 48 undefined on input line 976.

<Capitulo4/Img/GestionInc/GestionINC.png, id=1224, 1889.0575pt x 1302.8675pt>
File: Capitulo4/Img/GestionInc/GestionINC.png Graphic file (type png)
<use Capitulo4/Img/GestionInc/GestionINC.png>
Package pdftex.def Info: Capitulo4/Img/GestionInc/GestionINC.png  used on input
 line 981.
(pdftex.def)             Requested size: 371.30594pt x 256.07597pt.
LaTeX Info: Redefining \. on input line 985.
LaTeX Info: Redefining \% on input line 985.
[48]
<Capitulo4/Img/GestionInc/Home.png, id=1230, 1445.4pt x 1027.84pt>
File: Capitulo4/Img/GestionInc/Home.png Graphic file (type png)
<use Capitulo4/Img/GestionInc/Home.png>
Package pdftex.def Info: Capitulo4/Img/GestionInc/Home.png  used on input line 
1006.
(pdftex.def)             Requested size: 453.82396pt x 322.72052pt.

Overfull \hbox (41.259pt too wide) in paragraph at lines 1006--1007
 [][] 
 []

LaTeX Info: Redefining \. on input line 1010.
LaTeX Info: Redefining \% on input line 1010.
[49 <./Capitulo4/Img/GestionInc/GestionINC.png>]
<Capitulo4/Img/GestionInc/Documentar-nuevo-seg.png, id=1237, 1445.4pt x 1027.84
pt>
File: Capitulo4/Img/GestionInc/Documentar-nuevo-seg.png Graphic file (type png)

<use Capitulo4/Img/GestionInc/Documentar-nuevo-seg.png>
Package pdftex.def Info: Capitulo4/Img/GestionInc/Documentar-nuevo-seg.png  use
d on input line 1014.
(pdftex.def)             Requested size: 453.82396pt x 322.72052pt.

Overfull \hbox (41.259pt too wide) in paragraph at lines 1014--1015
 [][] 
 []

LaTeX Info: Redefining \. on input line 1018.
LaTeX Info: Redefining \% on input line 1018.
[50 <./Capitulo4/Img/GestionInc/Home.png>]
<Capitulo4/Img/GestionInc/Documentar-seg.png, id=1244, 1445.4pt x 1027.84pt>
File: Capitulo4/Img/GestionInc/Documentar-seg.png Graphic file (type png)
<use Capitulo4/Img/GestionInc/Documentar-seg.png>
Package pdftex.def Info: Capitulo4/Img/GestionInc/Documentar-seg.png  used on i
nput line 1030.
(pdftex.def)             Requested size: 453.82396pt x 322.72052pt.

Overfull \hbox (41.259pt too wide) in paragraph at lines 1030--1031
 [][] 
 []

LaTeX Info: Redefining \. on input line 1034.
LaTeX Info: Redefining \% on input line 1034.
[51 <./Capitulo4/Img/GestionInc/Documentar-nuevo-seg.png>]
<Capitulo4/Img/GestionInc/cierre.png, id=1252, 1445.4pt x 1027.84pt>
File: Capitulo4/Img/GestionInc/cierre.png Graphic file (type png)
<use Capitulo4/Img/GestionInc/cierre.png>
Package pdftex.def Info: Capitulo4/Img/GestionInc/cierre.png  used on input lin
e 1039.
(pdftex.def)             Requested size: 453.82396pt x 322.72052pt.

Overfull \hbox (41.259pt too wide) in paragraph at lines 1039--1040
 [][] 
 []

LaTeX Info: Redefining \. on input line 1043.
LaTeX Info: Redefining \% on input line 1043.
[52 <./Capitulo4/Img/GestionInc/Documentar-seg.png>]
<Capitulo4/Img/GestionInc/Asi-Almacen.png, id=1260, 1445.4pt x 1027.84pt>
File: Capitulo4/Img/GestionInc/Asi-Almacen.png Graphic file (type png)
<use Capitulo4/Img/GestionInc/Asi-Almacen.png>
Package pdftex.def Info: Capitulo4/Img/GestionInc/Asi-Almacen.png  used on inpu
t line 1049.
(pdftex.def)             Requested size: 453.82396pt x 322.72052pt.

Overfull \hbox (41.259pt too wide) in paragraph at lines 1049--1050
 [][] 
 []

LaTeX Info: Redefining \. on input line 1053.
LaTeX Info: Redefining \% on input line 1053.
[53 <./Capitulo4/Img/GestionInc/cierre.png>]
<Capitulo4/Img/GestionInc/Asi-almacen-sol.png, id=1268, 1445.4pt x 1027.84pt>
File: Capitulo4/Img/GestionInc/Asi-almacen-sol.png Graphic file (type png)
<use Capitulo4/Img/GestionInc/Asi-almacen-sol.png>
Package pdftex.def Info: Capitulo4/Img/GestionInc/Asi-almacen-sol.png  used on 
input line 1065.
(pdftex.def)             Requested size: 453.82396pt x 322.72052pt.

Overfull \hbox (41.259pt too wide) in paragraph at lines 1065--1066
 [][] 
 []

LaTeX Info: Redefining \. on input line 1069.
LaTeX Info: Redefining \% on input line 1069.
[54 <./Capitulo4/Img/GestionInc/Asi-Almacen.png>]
LaTeX Info: Redefining \. on input line 1076.
LaTeX Info: Redefining \% on input line 1076.
 [55 <./Capitulo4/Img/GestionInc/Asi-almacen-sol.png>]
LaTeX Info: Redefining \. on input line 1131.
LaTeX Info: Redefining \% on input line 1131.
 [56]
Underfull \hbox (badness 10000) in paragraph at lines 1187--1187
[]|\OT1/cmr/m/n/10.95 Documentacion de
 []


Underfull \hbox (badness 10000) in paragraph at lines 1187--1187

 []


Underfull \hbox (badness 10000) in paragraph at lines 1187--1187

 []


Underfull \hbox (badness 10000) in paragraph at lines 1187--1187

 []


Underfull \hbox (badness 10000) in paragraph at lines 1187--1187
[]|\OT1/cmr/m/n/10.95 Docuemntacion de
 []

LaTeX Info: Redefining \. on input line 1192.
LaTeX Info: Redefining \% on input line 1192.
[57]
<Capitulo4/Img/GestionAc/GestionActivos.png, id=1291, 909.3975pt x 853.1875pt>
File: Capitulo4/Img/GestionAc/GestionActivos.png Graphic file (type png)
<use Capitulo4/Img/GestionAc/GestionActivos.png>
Package pdftex.def Info: Capitulo4/Img/GestionAc/GestionActivos.png  used on in
put line 1224.
(pdftex.def)             Requested size: 371.30594pt x 348.35106pt.
LaTeX Info: Redefining \. on input line 1228.
LaTeX Info: Redefining \% on input line 1228.
 [58]
<Capitulo4/Img/GestionAc/Home.png, id=1297, 1445.4pt x 1027.84pt>
File: Capitulo4/Img/GestionAc/Home.png Graphic file (type png)
<use Capitulo4/Img/GestionAc/Home.png>
Package pdftex.def Info: Capitulo4/Img/GestionAc/Home.png  used on input line 1
235.
(pdftex.def)             Requested size: 453.82396pt x 322.72052pt.

Overfull \hbox (41.259pt too wide) in paragraph at lines 1235--1236
 [][] 
 []

LaTeX Info: Redefining \. on input line 1239.
LaTeX Info: Redefining \% on input line 1239.
[59 <./Capitulo4/Img/GestionAc/GestionActivos.png>]
<Capitulo4/Img/GestionAc/Almacen-Doc.png, id=1305, 1445.4pt x 1027.84pt>
File: Capitulo4/Img/GestionAc/Almacen-Doc.png Graphic file (type png)
<use Capitulo4/Img/GestionAc/Almacen-Doc.png>
Package pdftex.def Info: Capitulo4/Img/GestionAc/Almacen-Doc.png  used on input
 line 1246.
(pdftex.def)             Requested size: 453.82396pt x 322.72052pt.

Overfull \hbox (41.259pt too wide) in paragraph at lines 1246--1247
 [][] 
 []

LaTeX Info: Redefining \. on input line 1250.
LaTeX Info: Redefining \% on input line 1250.
[60 <./Capitulo4/Img/GestionAc/Home.png>]
<Capitulo4/Img/GestionAc/Almacen-despachar.png, id=1312, 1445.4pt x 1027.84pt>
File: Capitulo4/Img/GestionAc/Almacen-despachar.png Graphic file (type png)
<use Capitulo4/Img/GestionAc/Almacen-despachar.png>
Package pdftex.def Info: Capitulo4/Img/GestionAc/Almacen-despachar.png  used on
 input line 1255.
(pdftex.def)             Requested size: 453.82396pt x 322.72052pt.

Overfull \hbox (41.259pt too wide) in paragraph at lines 1255--1256
 [][] 
 []

LaTeX Info: Redefining \. on input line 1259.
LaTeX Info: Redefining \% on input line 1259.
[61 <./Capitulo4/Img/GestionAc/Almacen-Doc.png>]
LaTeX Info: Redefining \. on input line 1269.
LaTeX Info: Redefining \% on input line 1269.
 [62 <./Capitulo4/Img/GestionAc/Almacen-despachar.png>]
Underfull \hbox (badness 5460) in paragraph at lines 1324--1325
[]\OT1/cmr/m/n/10.95 Dar in-for-ma-cion en for-ma
 []


Underfull \hbox (badness 10000) in paragraph at lines 1325--1326
[]\OT1/cmr/m/n/10.95 Proporcionar in-for-ma-cion
 []

LaTeX Info: Redefining \. on input line 1330.
LaTeX Info: Redefining \% on input line 1330.
[63]
<Capitulo4/Img/GestionInf/informes.png, id=1329, 1445.4pt x 853.1875pt>
File: Capitulo4/Img/GestionInf/informes.png Graphic file (type png)
<use Capitulo4/Img/GestionInf/informes.png>
Package pdftex.def Info: Capitulo4/Img/GestionInf/informes.png  used on input l
ine 1377.
(pdftex.def)             Requested size: 453.82396pt x 267.88324pt.

Overfull \hbox (41.259pt too wide) in paragraph at lines 1377--1378
 [][] 
 []


LaTeX Warning: `h' float specifier changed to `ht'.

LaTeX Info: Redefining \. on input line 1384.
LaTeX Info: Redefining \% on input line 1384.
[64]
LaTeX Info: Redefining \. on input line 1428.
LaTeX Info: Redefining \% on input line 1428.
 [65 <./Capitulo4/Img/GestionInf/informes.png>]
<Capitulo4/Img/GestionUser/Gestion_User.png, id=1342, 684.5575pt x 620.3175pt>
File: Capitulo4/Img/GestionUser/Gestion_User.png Graphic file (type png)
<use Capitulo4/Img/GestionUser/Gestion_User.png>
Package pdftex.def Info: Capitulo4/Img/GestionUser/Gestion_User.png  used on in
put line 1434.
(pdftex.def)             Requested size: 309.4237pt x 280.38971pt.
LaTeX Info: Redefining \. on input line 1441.
LaTeX Info: Redefining \% on input line 1441.
 [66 <./Capitulo4/Img/GestionUser/Gestion_User.png>]
LaTeX Info: Redefining \. on input line 1504.
LaTeX Info: Redefining \% on input line 1504.
 [67]
LaTeX Info: Redefining \. on input line 1536.
LaTeX Info: Redefining \% on input line 1536.
 [68]
LaTeX Info: Redefining \. on input line 1570.
LaTeX Info: Redefining \% on input line 1570.
 [69]
LaTeX Info: Redefining \. on input line 1604.
LaTeX Info: Redefining \% on input line 1604.
 [70]
LaTeX Info: Redefining \. on input line 1636.
LaTeX Info: Redefining \% on input line 1636.
 [71]
<Capitulo4/Img/GestionUser/Home-admin.png, id=1376, 1445.4pt x 1027.84pt>
File: Capitulo4/Img/GestionUser/Home-admin.png Graphic file (type png)
<use Capitulo4/Img/GestionUser/Home-admin.png>
Package pdftex.def Info: Capitulo4/Img/GestionUser/Home-admin.png  used on inpu
t line 1649.
(pdftex.def)             Requested size: 309.4237pt x 220.0246pt.
LaTeX Info: Redefining \. on input line 1653.
LaTeX Info: Redefining \% on input line 1653.
 [72]
<Capitulo4/Img/GestionUser/Eliminar.png, id=1382, 1445.4pt x 1027.84pt>
File: Capitulo4/Img/GestionUser/Eliminar.png Graphic file (type png)
<use Capitulo4/Img/GestionUser/Eliminar.png>
Package pdftex.def Info: Capitulo4/Img/GestionUser/Eliminar.png  used on input 
line 1659.
(pdftex.def)             Requested size: 309.4237pt x 220.0246pt.
LaTeX Info: Redefining \. on input line 1666.
LaTeX Info: Redefining \% on input line 1666.
 [73 <./Capitulo4/Img/GestionUser/Home-admin.png> <./Capitulo4/Img/GestionUser/
Eliminar.png>]
<Capitulo4/Img/GestionUser/Modificar_Datos.png, id=1390, 1445.4pt x 1027.84pt>
File: Capitulo4/Img/GestionUser/Modificar_Datos.png Graphic file (type png)
<use Capitulo4/Img/GestionUser/Modificar_Datos.png>
Package pdftex.def Info: Capitulo4/Img/GestionUser/Modificar_Datos.png  used on
 input line 1669.
(pdftex.def)             Requested size: 309.4237pt x 220.0246pt.
File: Capitulo4/Img/GestionUser/Modificar_Datos.png Graphic file (type png)
<use Capitulo4/Img/GestionUser/Modificar_Datos.png>
Package pdftex.def Info: Capitulo4/Img/GestionUser/Modificar_Datos.png  used on
 input line 1678.
(pdftex.def)             Requested size: 309.4237pt x 220.0246pt.
LaTeX Info: Redefining \. on input line 1682.
LaTeX Info: Redefining \% on input line 1682.
 [74 <./Capitulo4/Img/GestionUser/Modificar_Datos.png>]
LaTeX Info: Redefining \. on input line 1684.
LaTeX Info: Redefining \% on input line 1684.
 [75]
<Capitulo4/Diagramas/Completo.png, id=1403, 1110.1475pt x 1196.47pt>
File: Capitulo4/Diagramas/Completo.png Graphic file (type png)
<use Capitulo4/Diagramas/Completo.png>
Package pdftex.def Info: Capitulo4/Diagramas/Completo.png  used on input line 1
693.
(pdftex.def)             Requested size: 391.93544pt x 422.40384pt.
LaTeX Info: Redefining \. on input line 1717.
LaTeX Info: Redefining \% on input line 1717.
 [76 <./Capitulo4/Diagramas/Completo.png>]
LaTeX Info: Redefining \. on input line 1738.
LaTeX Info: Redefining \% on input line 1738.
 [77]
LaTeX Info: Redefining \. on input line 1758.
LaTeX Info: Redefining \% on input line 1758.
 [78]
LaTeX Info: Redefining \. on input line 1800.
LaTeX Info: Redefining \% on input line 1800.
 [79]
LaTeX Info: Redefining \. on input line 1820.
LaTeX Info: Redefining \% on input line 1820.
 [80]
LaTeX Info: Redefining \. on input line 1842.
LaTeX Info: Redefining \% on input line 1842.
 [81]
LaTeX Info: Redefining \. on input line 1863.
LaTeX Info: Redefining \% on input line 1863.
 [82]
LaTeX Info: Redefining \. on input line 1885.
LaTeX Info: Redefining \% on input line 1885.
 [83]
LaTeX Info: Redefining \. on input line 1906.
LaTeX Info: Redefining \% on input line 1906.
 [84]
LaTeX Info: Redefining \. on input line 1927.
LaTeX Info: Redefining \% on input line 1927.
 [85]
LaTeX Info: Redefining \. on input line 1948.
LaTeX Info: Redefining \% on input line 1948.
 [86]
LaTeX Info: Redefining \. on input line 1969.
LaTeX Info: Redefining \% on input line 1969.
 [87]
LaTeX Info: Redefining \. on input line 1990.
LaTeX Info: Redefining \% on input line 1990.
 [88]
LaTeX Info: Redefining \. on input line 2011.
LaTeX Info: Redefining \% on input line 2011.

[89]
LaTeX Info: Redefining \. on input line 2032.
LaTeX Info: Redefining \% on input line 2032.
 [90]
LaTeX Info: Redefining \. on input line 2053.
LaTeX Info: Redefining \% on input line 2053.
 [91]
LaTeX Info: Redefining \. on input line 2074.
LaTeX Info: Redefining \% on input line 2074.
 [92]
LaTeX Info: Redefining \. on input line 2075.
LaTeX Info: Redefining \% on input line 2075.
 [93]
<Capitulo4/Diagramas/BaseDatos.png, id=1481, 1010.77625pt x 1164.35pt>
File: Capitulo4/Diagramas/BaseDatos.png Graphic file (type png)
<use Capitulo4/Diagramas/BaseDatos.png>
Package pdftex.def Info: Capitulo4/Diagramas/BaseDatos.png  used on input line 
2083.
(pdftex.def)             Requested size: 391.93544pt x 451.483pt.
)
LaTeX Info: Redefining \. on input line 87.
LaTeX Info: Redefining \% on input line 87.
 [94 <./Capitulo4/Diagramas/BaseDatos.png>]
\openout2 = `CapituloImplem/Implementacion.aux'.


(CapituloImplem/Implementacion.tex
Cap\'{\i }tulo 5.
[95




]
Underfull \hbox (badness 10000) in paragraph at lines 40--43

 []


Overfull \hbox (2.85333pt too wide) in paragraph at lines 94--95
 [][] 
 []

LaTeX Info: Redefining \. on input line 95.
LaTeX Info: Redefining \% on input line 95.
[96]
LaTeX Info: Redefining \. on input line 158.
LaTeX Info: Redefining \% on input line 158.
 [97]
LaTeX Info: Redefining \. on input line 242.
LaTeX Info: Redefining \% on input line 242.
 [98]
Overfull \hbox (22.8848pt too wide) in paragraph at lines 267--268
 [][] 
 []


Overfull \hbox (12.40184pt too wide) in paragraph at lines 293--294
 [][] 
 []

LaTeX Info: Redefining \. on input line 295.
LaTeX Info: Redefining \% on input line 295.
[99]
LaTeX Info: Redefining \. on input line 352.
LaTeX Info: Redefining \% on input line 352.
 [100]
LaTeX Info: Redefining \. on input line 408.
LaTeX Info: Redefining \% on input line 408.
 [101]
LaTeX Info: Redefining \. on input line 452.
LaTeX Info: Redefining \% on input line 452.
 [102]
LaTeX Info: Redefining \. on input line 493.
LaTeX Info: Redefining \% on input line 493.
 [103]
LaTeX Info: Redefining \. on input line 535.
LaTeX Info: Redefining \% on input line 535.
 [104]
LaTeX Info: Redefining \. on input line 580.
LaTeX Info: Redefining \% on input line 580.
 [105]
LaTeX Info: Redefining \. on input line 629.
LaTeX Info: Redefining \% on input line 629.
 [106]
<CapituloImplem/Img/deploygit.png, id=1554, 1009.52156pt x 457.71pt>
File: CapituloImplem/Img/deploygit.png Graphic file (type png)
<use CapituloImplem/Img/deploygit.png>
Package pdftex.def Info: CapituloImplem/Img/deploygit.png  used on input line 6
44.
(pdftex.def)             Requested size: 453.82396pt x 205.75807pt.

Overfull \hbox (41.259pt too wide) in paragraph at lines 644--645
 [][] 
 []

<CapituloImplem/Img/InstanciaBackenNube.png, id=1555, 1016.29688pt x 457.71pt>
File: CapituloImplem/Img/InstanciaBackenNube.png Graphic file (type png)
<use CapituloImplem/Img/InstanciaBackenNube.png>
Package pdftex.def Info: CapituloImplem/Img/InstanciaBackenNube.png  used on in
put line 651.
(pdftex.def)             Requested size: 453.82396pt x 204.38919pt.

Overfull \hbox (41.259pt too wide) in paragraph at lines 651--652
 [][] 
 []

LaTeX Info: Redefining \. on input line 655.
LaTeX Info: Redefining \% on input line 655.
[107 <./CapituloImplem/Img/deploygit.png>]
<CapituloImplem/Img/AngularDeploy.png, id=1564, 939.51pt x 536.0025pt>
File: CapituloImplem/Img/AngularDeploy.png Graphic file (type png)
<use CapituloImplem/Img/AngularDeploy.png>
Package pdftex.def Info: CapituloImplem/Img/AngularDeploy.png  used on input li
ne 662.
(pdftex.def)             Requested size: 453.82396pt x 258.91402pt.

Overfull \hbox (41.259pt too wide) in paragraph at lines 662--663
 [][] 
 []

LaTeX Info: Redefining \. on input line 666.
LaTeX Info: Redefining \% on input line 666.
[108 <./CapituloImplem/Img/InstanciaBackenNube.png>]
<CapituloImplem/Img/InstanciaAngularNube.png, id=1570, 1026.83624pt x 450.9347p
t>
File: CapituloImplem/Img/InstanciaAngularNube.png Graphic file (type png)
<use CapituloImplem/Img/InstanciaAngularNube.png>
Package pdftex.def Info: CapituloImplem/Img/InstanciaAngularNube.png  used on i
nput line 669.
(pdftex.def)             Requested size: 453.82396pt x 199.29948pt.

Overfull \hbox (41.259pt too wide) in paragraph at lines 669--670
 [][] 
 []

LaTeX Info: Redefining \. on input line 687.
LaTeX Info: Redefining \% on input line 687.
[109 <./CapituloImplem/Img/AngularDeploy.png> <./CapituloImplem/Img/InstanciaAn
gularNube.png>]
<CapituloImplem/Img/BasedeDatosAzue.png, id=1577, 1034.36438pt x 460.72125pt>
File: CapituloImplem/Img/BasedeDatosAzue.png Graphic file (type png)
<use CapituloImplem/Img/BasedeDatosAzue.png>
Package pdftex.def Info: CapituloImplem/Img/BasedeDatosAzue.png  used on input 
line 690.
(pdftex.def)             Requested size: 453.82396pt x 202.14151pt.

Overfull \hbox (41.259pt too wide) in paragraph at lines 690--691
 [][] 
 []

)
LaTeX Info: Redefining \. on input line 88.
LaTeX Info: Redefining \% on input line 88.
 [110 <./CapituloImplem/Img/BasedeDatosAzue.png>]
\openout2 = `Capitulo7/Resultados.aux'.

 (Capitulo7/Resultados.tex
Cap\'{\i }tulo 6.
<Capitulo7/Img/login.png, id=1586, 996.72375pt x 517.18219pt>
File: Capitulo7/Img/login.png Graphic file (type png)
<use Capitulo7/Img/login.png>
Package pdftex.def Info: Capitulo7/Img/login.png  used on input line 14.
(pdftex.def)             Requested size: 371.30594pt x 192.66441pt.
<Capitulo7/Img/usuarios.png, id=1588, 990.70125pt x 521.69907pt>
File: Capitulo7/Img/usuarios.png Graphic file (type png)
<use Capitulo7/Img/usuarios.png>
Package pdftex.def Info: Capitulo7/Img/usuarios.png  used on input line 22.
(pdftex.def)             Requested size: 453.82396pt x 238.98146pt.

Overfull \hbox (41.259pt too wide) in paragraph at lines 22--23
 [][] 
 []

[111




 <./Capitulo7/Img/login.png>]
<Capitulo7/Img/creaticket.png, id=1595, 1023.825pt x 486.31688pt>
File: Capitulo7/Img/creaticket.png Graphic file (type png)
<use Capitulo7/Img/creaticket.png>
Package pdftex.def Info: Capitulo7/Img/creaticket.png  used on input line 38.
(pdftex.def)             Requested size: 453.82396pt x 215.56808pt.

Overfull \hbox (41.259pt too wide) in paragraph at lines 38--39
 [][] 
 []

LaTeX Info: Redefining \. on input line 42.
LaTeX Info: Redefining \% on input line 42.
[112 <./Capitulo7/Img/usuarios.png>]
<Capitulo7/Img/ListaTicket.png, id=1603, 984.67876pt x 355.3275pt>
File: Capitulo7/Img/ListaTicket.png Graphic file (type png)
<use Capitulo7/Img/ListaTicket.png>
Package pdftex.def Info: Capitulo7/Img/ListaTicket.png  used on input line 47.
(pdftex.def)             Requested size: 453.82396pt x 163.76709pt.

Overfull \hbox (41.259pt too wide) in paragraph at lines 47--48
 [][] 
 []

<Capitulo7/Img/asignacion.png, id=1605, 980.91469pt x 493.0922pt>
File: Capitulo7/Img/asignacion.png Graphic file (type png)
<use Capitulo7/Img/asignacion.png>
Package pdftex.def Info: Capitulo7/Img/asignacion.png  used on input line 59.
(pdftex.def)             Requested size: 453.82396pt x 228.1268pt.

Overfull \hbox (41.259pt too wide) in paragraph at lines 59--60
 [][] 
 []

LaTeX Info: Redefining \. on input line 63.
LaTeX Info: Redefining \% on input line 63.
[113 <./Capitulo7/Img/creaticket.png> <./Capitulo7/Img/ListaTicket.png>]
<Capitulo7/Img/doc.png, id=1614, 975.645pt x 485.56406pt>
File: Capitulo7/Img/doc.png Graphic file (type png)
<use Capitulo7/Img/doc.png>
Package pdftex.def Info: Capitulo7/Img/doc.png  used on input line 69.
(pdftex.def)             Requested size: 453.82396pt x 225.85904pt.

Overfull \hbox (41.259pt too wide) in paragraph at lines 69--70
 [][] 
 []

LaTeX Info: Redefining \. on input line 77.
LaTeX Info: Redefining \% on input line 77.
[114 <./Capitulo7/Img/asignacion.png> <./Capitulo7/Img/doc.png>]
<Capitulo7/Img/cierre.png, id=1623, 1397.22pt x 681.29532pt>
File: Capitulo7/Img/cierre.png Graphic file (type png)
<use Capitulo7/Img/cierre.png>
Package pdftex.def Info: Capitulo7/Img/cierre.png  used on input line 80.
(pdftex.def)             Requested size: 453.82396pt x 221.2832pt.

Overfull \hbox (41.259pt too wide) in paragraph at lines 80--81
 [][] 
 []

)
LaTeX Info: Redefining \. on input line 89.
LaTeX Info: Redefining \% on input line 89.
 [115 <./Capitulo7/Img/cierre.png>]
\openout2 = `Capitulo5/Conclusiones.aux'.

 (Capitulo5/Conclusiones.tex [116




]
Cap\'{\i }tulo 7.

Package hyperref Warning: Difference (2) between bookmark levels is greater 
(hyperref)                than one, level fixed on input line 7.

[117]
LaTeX Info: Redefining \. on input line 59.
LaTeX Info: Redefining \% on input line 59.
 [118]) [119]
\openout2 = `Apendice1/Apendice1.aux'.

 (Apendice1/Apendice1.tex) (tesis.bbl (tesis.brf)
\tf@brf=\write8
\openout8 = `tesis.brf'.

 [120


\FN@pp@footnotehinttrue 


\FN@pp@footnotehinttrue 

\FN@pp@footnotehinttrue 


]

Package natbib Warning: Empty `thebibliography' environment on input line 3.

) [121] (tesis.aux
LaTeX Info: Redefining \. on input line 24.
LaTeX Info: Redefining \% on input line 24.
 (Agradecimientos/Dedicatoria.aux) (Resumen/Resumen.aux)
(Introduccion/Introduccion.aux) (Capitulo1/Introduccion.aux)
(Capitulo2/Marco_teorico.aux) (Capitulo3/Diseno_del_experimento.aux)
(Capitulo4/Resultados.aux) (CapituloImplem/Implementacion.aux)
(Capitulo7/Resultados.aux) (Capitulo5/Conclusiones.aux)
(Apendice1/Apendice1.aux))

LaTeX Font Warning: Some font shapes were not available, defaults substituted.


LaTeX Warning: There were undefined references.


LaTeX Warning: There were multiply-defined labels.

Package rerunfilecheck Info: File `tesis.out' has not changed.
(rerunfilecheck)             Checksum: F942A370A93A31045EC11BC6E9F8B7CE;37387.
Package rerunfilecheck Info: File `tesis.brf' has not changed.
(rerunfilecheck)             Checksum: D41D8CD98F00B204E9800998ECF8427E;0.
 ) 
Here is how much of TeX's memory you used:
 18424 strings out of 478927
 294675 string characters out of 2862392
 688050 words of memory out of 3000000
 35413 multiletter control sequences out of 15000+600000
 413290 words of font info for 63 fonts, out of 8000000 for 9000
 1141 hyphenation exceptions out of 8191
 125i,14n,122p,1483b,775s stack positions out of 5000i,500n,10000p,200000b,80000s
 <C:\Users\ricar\AppData\Local\MiKTeX\fonts/pk/ljfour/jknappen/ec/dpi600\tcrm
1000.pk> <C:\Users\ricar\AppData\Local\MiKTeX\fonts/pk/ljfour/jknappen/ec/dpi60
0\tcrm1095.pk><C:/Program Files/MiKTeX/fonts/type1/public/amsfonts/cm/cmbx10.pf
b><C:/Program Files/MiKTeX/fonts/type1/public/amsfonts/cm/cmbx12.pfb><C:/Progra
m Files/MiKTeX/fonts/type1/public/amsfonts/cm/cmbx8.pfb><C:/Program Files/MiKTe
X/fonts/type1/public/amsfonts/cm/cmbxti10.pfb><C:/Program Files/MiKTeX/fonts/ty
pe1/public/amsfonts/cm/cmcsc10.pfb><C:/Program Files/MiKTeX/fonts/type1/public/
amsfonts/cm/cmr10.pfb><C:/Program Files/MiKTeX/fonts/type1/public/amsfonts/cm/c
mr12.pfb><C:/Program Files/MiKTeX/fonts/type1/public/amsfonts/cm/cmr17.pfb><C:/
Program Files/MiKTeX/fonts/type1/public/amsfonts/cm/cmr8.pfb><C:/Program Files/
MiKTeX/fonts/type1/public/amsfonts/cm/cmsy10.pfb><C:/Program Files/MiKTeX/fonts
/type1/public/amsfonts/cm/cmti10.pfb>
Output written on tesis.pdf (135 pages, 3554378 bytes).
PDF statistics:
 1815 PDF objects out of 2073 (max. 8388607)
 402 named destinations out of 1000 (max. 500000)
 1313 words of extra memory for PDF output out of 10000 (max. 10000000)

